#
# A fatal error has been detected by the Java Runtime Environment:
#
#  EXCEPTION_ACCESS_VIOLATION (0xc0000005) at pc=0x0000000180005b6b, pid=6744, tid=0x00000000000008c0
#
# JRE version: Java(TM) SE Runtime Environment (8.0_121-b13) (build 1.8.0_121-b13)
# Java VM: Java HotSpot(TM) 64-Bit Server VM (25.121-b13 mixed mode windows-amd64 compressed oops)
# Problematic frame:
# C  [rxtxSerial.dll+0x5b6b]
#
# Failed to write core dump. Minidumps are not enabled by default on client versions of Windows
#
# If you would like to submit a bug report, please visit:
#   http://bugreport.java.com/bugreport/crash.jsp
# The crash happened outside the Java Virtual Machine in native code.
# See problematic frame for where to report the bug.
#

---------------  T H R E A D  ---------------

Current thread (0x000000005d87a000):  JavaThread "Thread-5" daemon [_thread_in_native, id=2240, stack(0x0000000062c00000,0x0000000062d00000)]

siginfo: ExceptionCode=0xc0000005, writing address 0x000000006109ee48

Registers:
RAX=0x00000000ffffffff, RBX=0x0000000000000000, RCX=0x0000000000000000, RDX=0x0000000000000000
RSP=0x0000000062cfe070, RBP=0x00000000ffffffff, RSI=0x0000000000000004, RDI=0x0000000000000001
R8 =0x000007fffff5e000, R9 =0x0000000180000000, R10=0x0000000000000000, R11=0x0000000000000200
R12=0x000000006109ee40, R13=0x0000000000000001, R14=0x0000000000000000, R15=0x0000000000000000
RIP=0x0000000180005b6b, EFLAGS=0x0000000000010286

Top of Stack: (sp=0x0000000062cfe070)
0x0000000062cfe070:   0000000000000000 0000000000000000
0x0000000062cfe080:   0000000000000000 0000000000000000
0x0000000062cfe090:   0000000000000000 0000000062cfe258
0x0000000062cfe0a0:   000000005d4dfaa0 0000000000000001
0x0000000062cfe0b0:   000000005d87a1f8 0000000000000001
0x0000000062cfe0c0:   ffffffffffffffff 0000000180006211
0x0000000062cfe0d0:   000000005b0f2a10 0000000000000001
0x0000000062cfe0e0:   0000000000000001 000000005b0f2a10
0x0000000062cfe0f0:   0000000000000001 0000000affffffff
0x0000000062cfe100:   0000000062cfe260 000000005d87a000
0x0000000062cfe110:   000000005d87a000 0000000000000000
0x0000000062cfe120:   000097fba8941296 000000006923e6c5
0x0000000062cfe130:   0000000062cfe270 0000000000000001
0x0000000062cfe140:   0000000000000000 000097fba8941266
0x0000000062cfe150:   0000000062cfe250 000000005d4dfaa0
0x0000000062cfe160:   000000005d87a000 0000000062cfe260 

Instructions: (pc=0x0000000180005b6b)
0x0000000180005b4b:   31 00 00 85 c0 78 33 74 06 03 d8 2b f8 eb 0a b9
0x0000000180005b5b:   e8 03 00 00 e8 1c 1c 00 00 41 3b dd 7c b7 8b c3
0x0000000180005b6b:   45 89 74 24 08 48 8b 5c 24 60 48 83 c4 20 41 5f
0x0000000180005b7b:   41 5e 41 5d 41 5c 5f 5e 5d c3 e8 1e 61 00 00 83 


Register to memory mapping:

RAX=0x00000000ffffffff is an unallocated location in the heap
RBX=0x0000000000000000 is an unknown value
RCX=0x0000000000000000 is an unknown value
RDX=0x0000000000000000 is an unknown value
RSP=0x0000000062cfe070 is pointing into the stack for thread: 0x000000005d87a000
RBP=0x00000000ffffffff is an unallocated location in the heap
RSI=0x0000000000000004 is an unknown value
RDI=0x0000000000000001 is an unknown value
R8 =0x000007fffff5e000 is an unknown value
R9 =0x0000000180000000 is an unknown value
R10=0x0000000000000000 is an unknown value
R11=0x0000000000000200 is an unknown value
R12=0x000000006109ee40 is an unknown value
R13=0x0000000000000001 is an unknown value
R14=0x0000000000000000 is an unknown value
R15=0x0000000000000000 is an unknown value


Stack: [0x0000000062c00000,0x0000000062d00000],  sp=0x0000000062cfe070,  free space=1016k
Native frames: (J=compiled Java code, j=interpreted, Vv=VM code, C=native code)
C  [rxtxSerial.dll+0x5b6b]
C  [rxtxSerial.dll+0x6211]
C  0x0000000002797f54

Java frames: (J=compiled Java code, j=interpreted, Vv=VM code)
j  gnu.io.RXTXPort.readArray([BII)I+0
j  gnu.io.RXTXPort$SerialInputStream.read([BII)I+212
J 2658 C1 gnu.io.RXTXPort$SerialInputStream.read([B)I (149 bytes) @ 0x0000000002fa0d0c [0x0000000002fa0860+0x4ac]
j  application.Multimeter$1.call()Lapplication/Multimeter;+46
j  application.Multimeter$1.call()Ljava/lang/Object;+1
j  javafx.concurrent.Task$TaskCallable.call()Ljava/lang/Object;+26
j  java.util.concurrent.FutureTask.run()V+42
j  javafx.concurrent.Service.lambda$null$492(Ljavafx/concurrent/Task;)Ljava/lang/Void;+1
j  javafx.concurrent.Service$$Lambda$304.run()Ljava/lang/Object;+4
v  ~StubRoutines::call_stub
J 1489  java.security.AccessController.doPrivileged(Ljava/security/PrivilegedAction;Ljava/security/AccessControlContext;)Ljava/lang/Object; (0 bytes) @ 0x0000000002c3ae66 [0x0000000002c3ae00+0x66]
j  javafx.concurrent.Service.lambda$executeTask$493(Ljavafx/concurrent/Task;Ljava/security/AccessControlContext;)V+7
j  javafx.concurrent.Service$$Lambda$302.run()V+8
j  java.util.concurrent.ThreadPoolExecutor.runWorker(Ljava/util/concurrent/ThreadPoolExecutor$Worker;)V+95
j  java.util.concurrent.ThreadPoolExecutor$Worker.run()V+5
j  java.lang.Thread.run()V+11
v  ~StubRoutines::call_stub

---------------  P R O C E S S  ---------------

Java Threads: ( => current thread )
=>0x000000005d87a000 JavaThread "Thread-5" daemon [_thread_in_native, id=2240, stack(0x0000000062c00000,0x0000000062d00000)]
  0x000000005b147000 JavaThread "Prism Font Disposer" daemon [_thread_blocked, id=1084, stack(0x000000005fe40000,0x000000005ff40000)]
  0x000000005aed2800 JavaThread "Thread-3" daemon [_thread_in_native, id=6204, stack(0x000000005d1d0000,0x000000005d2d0000)]
  0x000000005ae68800 JavaThread "Thread-1" daemon [_thread_blocked, id=2228, stack(0x000000005b750000,0x000000005b850000)]
  0x000000005ae60800 JavaThread "QuantumRenderer-0" daemon [_thread_blocked, id=6884, stack(0x000000005b5b0000,0x000000005b6b0000)]
  0x0000000058ce5800 JavaThread "Service Thread" daemon [_thread_blocked, id=7072, stack(0x000000005aaa0000,0x000000005aba0000)]
  0x0000000058c6a000 JavaThread "C1 CompilerThread3" daemon [_thread_blocked, id=6888, stack(0x000000005a880000,0x000000005a980000)]
  0x0000000058c61000 JavaThread "C2 CompilerThread2" daemon [_thread_blocked, id=5680, stack(0x000000005a650000,0x000000005a750000)]
  0x0000000058c59000 JavaThread "C2 CompilerThread1" daemon [_thread_blocked, id=6516, stack(0x000000005a450000,0x000000005a550000)]
  0x0000000058c53800 JavaThread "C2 CompilerThread0" daemon [_thread_blocked, id=3984, stack(0x000000005a130000,0x000000005a230000)]
  0x0000000058c50800 JavaThread "Attach Listener" daemon [_thread_blocked, id=6792, stack(0x000000005a280000,0x000000005a380000)]
  0x0000000058c4f000 JavaThread "Signal Dispatcher" daemon [_thread_blocked, id=6840, stack(0x0000000059b50000,0x0000000059c50000)]
  0x0000000057ba0800 JavaThread "Finalizer" daemon [_thread_blocked, id=7080, stack(0x000000005a020000,0x000000005a120000)]
  0x0000000057b99800 JavaThread "Reference Handler" daemon [_thread_blocked, id=5192, stack(0x0000000059e10000,0x0000000059f10000)]

Other Threads:
  0x0000000058c03000 VMThread [stack: 0x0000000059d00000,0x0000000059e00000] [id=6272]

VM state:at safepoint (normal execution)

VM Mutex/Monitor currently owned by a thread:  ([mutex/lock_event])
[0x000000000217c070] Threads_lock - owner thread: 0x0000000058c03000
[0x000000000217c570] Heap_lock - owner thread: 0x000000000217e000

Heap:
 PSYoungGen      total 38400K, used 31442K [0x00000000d5f00000, 0x00000000d8980000, 0x0000000100000000)
  eden space 33280K, 80% used [0x00000000d5f00000,0x00000000d7903f88,0x00000000d7f80000)
  from space 5120K, 93% used [0x00000000d7f80000,0x00000000d8430ae0,0x00000000d8480000)
  to   space 5120K, 0% used [0x00000000d8480000,0x00000000d8480000,0x00000000d8980000)
 ParOldGen       total 87552K, used 4112K [0x0000000081c00000, 0x0000000087180000, 0x00000000d5f00000)
  object space 87552K, 4% used [0x0000000081c00000,0x0000000082004020,0x0000000087180000)
 Metaspace       used 18761K, capacity 20020K, committed 20096K, reserved 1067008K
  class space    used 2904K, capacity 3141K, committed 3200K, reserved 1048576K

Card table byte_map: [0x0000000011b40000,0x0000000011f40000] byte_map_base: 0x0000000011732000

Marking Bits: (ParMarkBitMap*) 0x000000006991b6d0
 Begin Bits: [0x0000000012e90000, 0x0000000014e20000)
 End Bits:   [0x0000000014e20000, 0x0000000016db0000)

Polling page: 0x0000000000420000

CodeCache: size=245760Kb used=8312Kb max_used=8312Kb free=237447Kb
 bounds [0x0000000002780000, 0x0000000002fb0000, 0x0000000011780000]
 total_blobs=3336 nmethods=2663 adapters=585
 compilation: enabled

Compilation events (10 events):
Event: 11.621 Thread 0x0000000058c6a000 2659  s    3       java.io.BufferedOutputStream::flush (12 bytes)
Event: 11.622 Thread 0x0000000058c6a000 nmethod 2659 0x0000000002fa1a50 code [0x0000000002fa1be0, 0x0000000002fa20b8]
Event: 11.622 Thread 0x0000000058c6a000 2660       3       java.io.BufferedOutputStream::flushBuffer (29 bytes)
Event: 11.623 Thread 0x0000000058c6a000 nmethod 2660 0x0000000002fa2250 code [0x0000000002fa23c0, 0x0000000002fa2628]
Event: 11.623 Thread 0x0000000058c6a000 2661       3       java.nio.CharBuffer::<init> (22 bytes)
Event: 11.623 Thread 0x0000000058c6a000 nmethod 2661 0x0000000002fa26d0 code [0x0000000002fa2840, 0x0000000002fa2a08]
Event: 11.623 Thread 0x0000000058c6a000 2662       3       java.io.BufferedWriter::ensureOpen (18 bytes)
Event: 11.623 Thread 0x0000000058c6a000 nmethod 2662 0x0000000002fa2ad0 code [0x0000000002fa2c40, 0x0000000002fa2e88]
Event: 11.623 Thread 0x0000000058c6a000 2663       3       java.io.PrintStream::ensureOpen (18 bytes)
Event: 11.624 Thread 0x0000000058c6a000 nmethod 2663 0x0000000002fa2f50 code [0x0000000002fa30c0, 0x0000000002fa3308]

GC Heap History (2 events):
Event: 2.702 GC heap before
{Heap before GC invocations=1 (full 0):
 PSYoungGen      total 38400K, used 33280K [0x00000000d5f00000, 0x00000000d8980000, 0x0000000100000000)
  eden space 33280K, 100% used [0x00000000d5f00000,0x00000000d7f80000,0x00000000d7f80000)
  from space 5120K, 0% used [0x00000000d8480000,0x00000000d8480000,0x00000000d8980000)
  to   space 5120K, 0% used [0x00000000d7f80000,0x00000000d7f80000,0x00000000d8480000)
 ParOldGen       total 87552K, used 0K [0x0000000081c00000, 0x0000000087180000, 0x00000000d5f00000)
  object space 87552K, 0% used [0x0000000081c00000,0x0000000081c00000,0x0000000087180000)
 Metaspace       used 14071K, capacity 14980K, committed 15104K, reserved 1062912K
  class space    used 2070K, capacity 2265K, committed 2304K, reserved 1048576K
Event: 2.719 GC heap after
Heap after GC invocations=1 (full 0):
 PSYoungGen      total 38400K, used 4802K [0x00000000d5f00000, 0x00000000d8980000, 0x0000000100000000)
  eden space 33280K, 0% used [0x00000000d5f00000,0x00000000d5f00000,0x00000000d7f80000)
  from space 5120K, 93% used [0x00000000d7f80000,0x00000000d8430ae0,0x00000000d8480000)
  to   space 5120K, 0% used [0x00000000d8480000,0x00000000d8480000,0x00000000d8980000)
 ParOldGen       total 87552K, used 4112K [0x0000000081c00000, 0x0000000087180000, 0x00000000d5f00000)
  object space 87552K, 4% used [0x0000000081c00000,0x0000000082004020,0x0000000087180000)
 Metaspace       used 14071K, capacity 14980K, committed 15104K, reserved 1062912K
  class space    used 2070K, capacity 2265K, committed 2304K, reserved 1048576K
}

Deoptimization events (10 events):
Event: 4.225 Thread 0x000000005ae8b800 Uncommon trap: reason=array_check action=maybe_recompile pc=0x0000000002cd3f1c method=com.sun.javafx.css.SimpleSelector.applies(Ljavafx/css/Styleable;[Ljava/util/Set;I)Z @ 37
Event: 4.225 Thread 0x000000005ae8b800 Uncommon trap: reason=array_check action=maybe_recompile pc=0x0000000002cd3f1c method=com.sun.javafx.css.SimpleSelector.applies(Ljavafx/css/Styleable;[Ljava/util/Set;I)Z @ 37
Event: 4.241 Thread 0x000000005ae8b800 Uncommon trap: reason=unstable_if action=reinterpret pc=0x0000000002cd0760 method=com.sun.javafx.css.SimpleSelector.applies(Ljavafx/css/Styleable;)Z @ 62
Event: 4.337 Thread 0x000000005ae8b800 Uncommon trap: reason=unstable_if action=reinterpret pc=0x0000000002be0e34 method=com.sun.javafx.css.StyleManager.getStyleMap(Ljavafx/css/Styleable;Ljavafx/scene/SubScene;I)Lcom/sun/javafx/css/StyleMap; @ 2
Event: 4.469 Thread 0x000000005ae8b800 Uncommon trap: reason=unstable_if action=reinterpret pc=0x0000000002b68edc method=javafx.scene.CssStyleHelper.getStyle(Ljavafx/css/Styleable;Ljava/lang/String;Lcom/sun/javafx/css/StyleMap;Ljava/util/Set;)Lcom/sun/javafx/css/CascadingStyle; @ 8
Event: 4.546 Thread 0x000000005ae8b800 Uncommon trap: reason=array_check action=maybe_recompile pc=0x0000000002d64ac4 method=com.sun.javafx.css.SimpleSelector.applies(Ljavafx/css/Styleable;[Ljava/util/Set;I)Z @ 37
Event: 4.631 Thread 0x000000005ae8b800 Uncommon trap: reason=unstable_if action=reinterpret pc=0x0000000002da6df8 method=javafx.scene.Node.updateLocalToParentTransform()V @ 337
Event: 4.786 Thread 0x000000005ae60800 Uncommon trap: reason=bimorphic action=maybe_recompile pc=0x0000000002cf7780 method=java.util.concurrent.ConcurrentHashMap.putVal(Ljava/lang/Object;Ljava/lang/Object;Z)Ljava/lang/Object; @ 192
Event: 4.786 Thread 0x000000005ae60800 Uncommon trap: reason=bimorphic action=maybe_recompile pc=0x0000000002cf7780 method=java.util.concurrent.ConcurrentHashMap.putVal(Ljava/lang/Object;Ljava/lang/Object;Z)Ljava/lang/Object; @ 192
Event: 5.738 Thread 0x000000005ae8b800 Uncommon trap: reason=unstable_if action=reinterpret pc=0x0000000002f2d2e4 method=javafx.scene.Node.updateBounds()V @ 47

Internal exceptions (10 events):
Event: 0.362 Thread 0x000000000217e000 Exception <a 'java/lang/NullPointerException'> (0x00000000d61b9370) thrown at [C:\re\workspace\8-2-build-windows-amd64-cygwin\jdk8u121\8372\hotspot\src\share\vm\interpreter\linkResolver.cpp, line 1178]
Event: 0.854 Thread 0x000000005ae8b800 Exception <a 'java/lang/NullPointerException'> (0x00000000d6b111d8) thrown at [C:\re\workspace\8-2-build-windows-amd64-cygwin\jdk8u121\8372\hotspot\src\share\vm\interpreter\linkResolver.cpp, line 1178]
Event: 0.854 Thread 0x000000005ae8b800 Exception <a 'java/lang/NullPointerException'> (0x00000000d6b111d8) thrown at [C:\re\workspace\8-2-build-windows-amd64-cygwin\jdk8u121\8372\hotspot\src\share\vm\prims\jvm.cpp, line 1394]
Event: 1.125 Thread 0x000000005ae8b800 Implicit null exception at 0x00000000029bda65 to 0x00000000029bdc39
Event: 1.244 Thread 0x000000005ae8b800 Exception <a 'java/io/FileNotFoundException'> (0x00000000d71998d8) thrown at [C:\re\workspace\8-2-build-windows-amd64-cygwin\jdk8u121\8372\hotspot\src\share\vm\prims\jni.cpp, line 709]
Event: 1.252 Thread 0x000000005ae8b800 Exception <a 'java/io/FileNotFoundException'> (0x00000000d71b0050) thrown at [C:\re\workspace\8-2-build-windows-amd64-cygwin\jdk8u121\8372\hotspot\src\share\vm\prims\jni.cpp, line 709]
Event: 1.254 Thread 0x000000005ae8b800 Exception <a 'java/io/FileNotFoundException'> (0x00000000d71c0250) thrown at [C:\re\workspace\8-2-build-windows-amd64-cygwin\jdk8u121\8372\hotspot\src\share\vm\prims\jni.cpp, line 709]
Event: 1.261 Thread 0x000000005ae8b800 Exception <a 'java/io/FileNotFoundException'> (0x00000000d71d63f8) thrown at [C:\re\workspace\8-2-build-windows-amd64-cygwin\jdk8u121\8372\hotspot\src\share\vm\prims\jni.cpp, line 709]
Event: 1.275 Thread 0x000000005ae8b800 Exception <a 'java/io/FileNotFoundException'> (0x00000000d7216cd8) thrown at [C:\re\workspace\8-2-build-windows-amd64-cygwin\jdk8u121\8372\hotspot\src\share\vm\prims\jni.cpp, line 709]
Event: 1.280 Thread 0x000000005ae8b800 Exception <a 'java/io/FileNotFoundException'> (0x00000000d722ce80) thrown at [C:\re\workspace\8-2-build-windows-amd64-cygwin\jdk8u121\8372\hotspot\src\share\vm\prims\jni.cpp, line 709]

Events (10 events):
Event: 11.864 Thread 0x000000000217e000 Thread exited: 0x000000000217e000
Event: 11.864 Thread 0x000000000217e000 Thread added: 0x000000000217e000
Event: 11.864 Thread 0x000000005ae8b800 Thread exited: 0x000000005ae8b800
Event: 11.865 loading class java/util/IdentityHashMap$KeySet
Event: 11.865 loading class java/util/IdentityHashMap$KeySet done
Event: 11.866 loading class java/util/IdentityHashMap$KeyIterator
Event: 11.866 loading class java/util/IdentityHashMap$IdentityHashMapIterator
Event: 11.866 loading class java/util/IdentityHashMap$IdentityHashMapIterator done
Event: 11.866 loading class java/util/IdentityHashMap$KeyIterator done
Event: 11.866 Thread 0x000000000217e000 Thread exited: 0x000000000217e000


Dynamic libraries:
0x000000013fc20000 - 0x000000013fc57000 	C:\Program Files\Java\jre1.8.0_121\bin\javaw.exe
0x0000000077950000 - 0x0000000077afa000 	C:\Windows\SYSTEM32\ntdll.dll
0x0000000077730000 - 0x000000007784f000 	C:\Windows\system32\kernel32.dll
0x000007fefd9f0000 - 0x000007fefda5b000 	C:\Windows\system32\KERNELBASE.dll
0x000007fefec40000 - 0x000007fefed1b000 	C:\Windows\system32\ADVAPI32.dll
0x000007fefe420000 - 0x000007fefe4bf000 	C:\Windows\system32\msvcrt.dll
0x000007fefdf80000 - 0x000007fefdf9f000 	C:\Windows\SYSTEM32\sechost.dll
0x000007fefe4c0000 - 0x000007fefe5ed000 	C:\Windows\system32\RPCRT4.dll
0x0000000077850000 - 0x000000007794a000 	C:\Windows\system32\USER32.dll
0x000007fefdf10000 - 0x000007fefdf77000 	C:\Windows\system32\GDI32.dll
0x000007fefdd80000 - 0x000007fefdd8e000 	C:\Windows\system32\LPK.dll
0x000007fefde10000 - 0x000007fefdeda000 	C:\Windows\system32\USP10.dll
0x000007fefc1f0000 - 0x000007fefc3e4000 	C:\Windows\WinSxS\amd64_microsoft.windows.common-controls_6595b64144ccf1df_6.0.7601.18837_none_fa3b1e3d17594757\COMCTL32.dll
0x000007feffbe0000 - 0x000007feffc51000 	C:\Windows\system32\SHLWAPI.dll
0x000007fefdee0000 - 0x000007fefdf0e000 	C:\Windows\system32\IMM32.DLL
0x000007fefdc70000 - 0x000007fefdd79000 	C:\Windows\system32\MSCTF.dll
0x000007fefd870000 - 0x000007fefd8a0000 	C:\Windows\system32\nvinitx.dll
0x000007fefd860000 - 0x000007fefd86c000 	C:\Windows\system32\VERSION.dll
0x00000000754f0000 - 0x00000000754f6000 	C:\Program Files\NVIDIA Corporation\CoProcManager\detoured.dll
0x000007fefb3c0000 - 0x000007fefb3f8000 	C:\Program Files\NVIDIA Corporation\CoProcManager\nvd3d9wrapx.dll
0x000007fefe800000 - 0x000007fefe9d7000 	C:\Windows\system32\SETUPAPI.dll
0x000007fefdc30000 - 0x000007fefdc66000 	C:\Windows\system32\CFGMGR32.dll
0x000007fefe340000 - 0x000007fefe418000 	C:\Windows\system32\OLEAUT32.dll
0x000007fefe5f0000 - 0x000007fefe7f3000 	C:\Windows\system32\ole32.dll
0x000007fefdc10000 - 0x000007fefdc2a000 	C:\Windows\system32\DEVOBJ.dll
0x000007fefb390000 - 0x000007fefb3b4000 	C:\Program Files\NVIDIA Corporation\CoProcManager\nvdxgiwrapx.dll
0x0000000069a00000 - 0x0000000069ad2000 	C:\Program Files\Java\jre1.8.0_121\bin\msvcr100.dll
0x0000000069100000 - 0x000000006999b000 	C:\Program Files\Java\jre1.8.0_121\bin\server\jvm.dll
0x000007fee1c60000 - 0x000007fee1c69000 	C:\Windows\system32\WSOCK32.dll
0x000007fefe2f0000 - 0x000007fefe33d000 	C:\Windows\system32\WS2_32.dll
0x000007fefedc0000 - 0x000007fefedc8000 	C:\Windows\system32\NSI.dll
0x000007fefa830000 - 0x000007fefa86b000 	C:\Windows\system32\WINMM.dll
0x0000000077b20000 - 0x0000000077b27000 	C:\Windows\system32\PSAPI.DLL
0x00000000732d0000 - 0x00000000732df000 	C:\Program Files\Java\jre1.8.0_121\bin\verify.dll
0x000000006aa00000 - 0x000000006aa29000 	C:\Program Files\Java\jre1.8.0_121\bin\java.dll
0x000000006a9e0000 - 0x000000006a9f6000 	C:\Program Files\Java\jre1.8.0_121\bin\zip.dll
0x000007fefedd0000 - 0x000007feffb5a000 	C:\Windows\system32\SHELL32.dll
0x000007fefd8a0000 - 0x000007fefd8af000 	C:\Windows\system32\profapi.dll
0x000007fee4f80000 - 0x000007fee506f000 	C:\Program Files\Java\jre1.8.0_121\bin\msvcr120.dll
0x000007fee1750000 - 0x000007fee17f6000 	C:\Program Files\Java\jre1.8.0_121\bin\msvcp120.dll
0x000000006a850000 - 0x000000006a872000 	C:\Program Files\Java\jre1.8.0_121\bin\prism_d3d.dll
0x000007fedce90000 - 0x000007fedd08f000 	C:\Windows\system32\d3d9.dll
0x000007fef3530000 - 0x000007fef3537000 	C:\Windows\system32\d3d8thk.dll
0x000007fefb970000 - 0x000007fefb988000 	C:\Windows\system32\dwmapi.dll
0x000007fefda60000 - 0x000007fefda9b000 	C:\Windows\system32\WINTRUST.dll
0x000007fefdaa0000 - 0x000007fefdc0d000 	C:\Windows\system32\CRYPT32.dll
0x000007fefd940000 - 0x000007fefd94f000 	C:\Windows\system32\MSASN1.dll
0x000007fefbd50000 - 0x000007fefbda6000 	C:\Windows\system32\uxtheme.dll
0x000007fefa0c0000 - 0x000007fefa142000 	C:\Windows\system32\nvumdshimx.dll
0x000007fee63b0000 - 0x000007fee7b6a000 	C:\Windows\system32\igdumdim64.dll
0x000000006a800000 - 0x000000006a843000 	C:\Program Files\Java\jre1.8.0_121\bin\glass.dll
0x000007fefed20000 - 0x000007fefedb7000 	C:\Windows\system32\COMDLG32.dll
0x000007fefd790000 - 0x000007fefd79f000 	C:\Windows\system32\CRYPTBASE.dll
0x000000006a890000 - 0x000000006a8a4000 	C:\Program Files\Java\jre1.8.0_121\bin\javafx_font.dll
0x000007feedb40000 - 0x000007feedcd7000 	C:\Windows\system32\dwrite.dll
0x0000000180000000 - 0x0000000180025000 	D:\Docs\4de jaar\2de semester\EE5\EE5\Java\EE5\src\resource\rxtxSerial.dll
0x000007fefe0d0000 - 0x000007fefe169000 	C:\Windows\system32\CLBCatQ.DLL
0x000007fefb4c0000 - 0x000007fefb621000 	C:\Windows\system32\WindowsCodecs.dll
0x000007fefd730000 - 0x000007fefd787000 	C:\Windows\system32\apphelp.dll
0x000007fef82f0000 - 0x000007fef8529000 	C:\Program Files\Microsoft Office\root\Office16\GROOVEEX.DLL
0x000007fef82d0000 - 0x000007fef82e7000 	C:\Windows\system32\VCRUNTIME140.dll
0x000007fef82c0000 - 0x000007fef82c4000 	C:\Windows\system32\api-ms-win-crt-runtime-l1-1-0.dll
0x000007fef81c0000 - 0x000007fef82b4000 	C:\Windows\system32\ucrtbase.DLL
0x000007fef79d0000 - 0x000007fef79d3000 	C:\Windows\system32\api-ms-win-core-timezone-l1-1-0.dll
0x000007fef79c0000 - 0x000007fef79c3000 	C:\Windows\system32\api-ms-win-core-file-l2-1-0.dll
0x000007fef79b0000 - 0x000007fef79b3000 	C:\Windows\system32\api-ms-win-core-localization-l1-2-0.dll
0x000007fef79a0000 - 0x000007fef79a3000 	C:\Windows\system32\api-ms-win-core-synch-l1-2-0.dll
0x000007fef7990000 - 0x000007fef7993000 	C:\Windows\system32\api-ms-win-core-processthreads-l1-1-1.dll
0x000007fef7980000 - 0x000007fef7983000 	C:\Windows\system32\api-ms-win-core-file-l1-2-0.dll
0x000007fef6920000 - 0x000007fef6924000 	C:\Windows\system32\api-ms-win-crt-string-l1-1-0.dll
0x000007fef6910000 - 0x000007fef6913000 	C:\Windows\system32\api-ms-win-crt-heap-l1-1-0.dll
0x000007fef6900000 - 0x000007fef6904000 	C:\Windows\system32\api-ms-win-crt-stdio-l1-1-0.dll
0x000007fef68f0000 - 0x000007fef68f4000 	C:\Windows\system32\api-ms-win-crt-convert-l1-1-0.dll
0x000007fef66a0000 - 0x000007fef673e000 	C:\Windows\system32\MSVCP140.dll
0x000007fef6640000 - 0x000007fef6643000 	C:\Windows\system32\api-ms-win-crt-locale-l1-1-0.dll
0x000007fef6630000 - 0x000007fef6635000 	C:\Windows\system32\api-ms-win-crt-math-l1-1-0.dll
0x000007fef6620000 - 0x000007fef6625000 	C:\Windows\system32\api-ms-win-crt-multibyte-l1-1-0.dll
0x000007fef6610000 - 0x000007fef6613000 	C:\Windows\system32\api-ms-win-crt-time-l1-1-0.dll
0x000007fef6600000 - 0x000007fef6603000 	C:\Windows\system32\api-ms-win-crt-filesystem-l1-1-0.dll
0x000007fef65f0000 - 0x000007fef65f3000 	C:\Windows\system32\api-ms-win-crt-environment-l1-1-0.dll
0x000007fef65e0000 - 0x000007fef65e3000 	C:\Windows\system32\api-ms-win-crt-utility-l1-1-0.dll
0x000007fef6060000 - 0x000007fef637e000 	C:\Windows\system32\msi.dll
0x000007fef3580000 - 0x000007fef3e01000 	C:\Program Files\Microsoft Office\root\Office16\1033\GrooveIntlResource.dll
0x000007fef4490000 - 0x000007fef44c5000 	C:\Windows\system32\EhStorShell.dll
0x000007fefbdb0000 - 0x000007fefbedc000 	C:\Windows\system32\PROPSYS.dll
0x000007fef4410000 - 0x000007fef4490000 	C:\Windows\system32\ntshrui.dll
0x000007fefd3d0000 - 0x000007fefd3f3000 	C:\Windows\system32\srvcli.dll
0x000007fef55f0000 - 0x000007fef55ff000 	C:\Windows\system32\cscapi.dll
0x000007fefb650000 - 0x000007fefb65b000 	C:\Windows\system32\slc.dll
0x000000006a7e0000 - 0x000000006a7f1000 	C:\Program Files\Java\jre1.8.0_121\bin\prism_common.dll
0x000007fef24d0000 - 0x000007fef2894000 	C:\Windows\system32\d2d1.dll
0x000007fef8e40000 - 0x000007fef9015000 	C:\Windows\system32\d3d11.dll
0x000007fef9020000 - 0x000007fef907d000 	C:\Windows\system32\dxgi.dll
0x000007fedc7c0000 - 0x000007fedca39000 	C:\Windows\system32\D3D10Warp.dll
0x000007feedce0000 - 0x000007feede05000 	C:\Windows\system32\dbghelp.dll

VM Arguments:
jvm_args: -Djava.library.path=D:\Docs\4de jaar\2de semester\EE5\EE5\Java\EE5\src\resource -Dfile.encoding=Cp1252 
java_command: application.Main
java_class_path (initial): D:\Docs\4de jaar\2de semester\EE5\EE5\Java\EE5\bin;C:\Users\Ivan\.p2\pool\plugins\org.eclipse.fx.ide.css.jfx8_2.1.0.201508240705.jar;D:\Docs\4de jaar\2de semester\EE5\EE5\Java\EE5\rxtx-2.2.jar
Launcher Type: SUN_STANDARD

Environment Variables:
PATH=C:/Program Files/Java/jre1.8.0_121/bin/server;C:/Program Files/Java/jre1.8.0_121/bin;C:/Program Files/Java/jre1.8.0_121/lib/amd64;C:\ProgramData\Oracle\Java\javapath;C:\Program Files (x86)\Intel\iCLS Client\;C:\Program Files\Intel\iCLS Client\;C:\Windows\system32;C:\Windows;C:\Windows\System32\Wbem;C:\Windows\System32\WindowsPowerShell\v1.0\;C:\Program Files\Intel\Intel(R) Management Engine Components\DAL;C:\Program Files (x86)\Intel\Intel(R) Management Engine Components\DAL;C:\Program Files\Intel\Intel(R) Management Engine Components\IPT;C:\Program Files (x86)\Intel\Intel(R) Management Engine Components\IPT;C:\Program Files (x86)\Microchip\xc8\v1.35\bin;C:\Program Files (x86)\Microchip\xc8\v1.36\bin;C:\Program Files (x86)\Skype\Phone\;C:\Program Files (x86)\NVIDIA Corporation\PhysX\Common;C:\Users\Ivan\Desktop;
USERNAME=Ivan
OS=Windows_NT
PROCESSOR_IDENTIFIER=Intel64 Family 6 Model 60 Stepping 3, GenuineIntel



---------------  S Y S T E M  ---------------

OS: Windows 7 , 64 bit Build 7601 (6.1.7601.19160)

CPU:total 8 (4 cores per cpu, 2 threads per core) family 6 model 60 stepping 3, cmov, cx8, fxsr, mmx, sse, sse2, sse3, ssse3, sse4.1, sse4.2, popcnt, avx, avx2, aes, clmul, erms, lzcnt, ht, tsc, tscinvbit, bmi1, bmi2

Memory: 4k page, physical 8268936k(4555940k free), swap 16536036k(11670872k free)

vm_info: Java HotSpot(TM) 64-Bit Server VM (25.121-b13) for windows-amd64 JRE (1.8.0_121-b13), built on Dec 12 2016 18:21:36 by "java_re" with MS VC++ 10.0 (VS2010)

time: Wed Mar 08 11:51:16 2017
elapsed time: 12 seconds (0d 0h 0m 12s)

