#
# A fatal error has been detected by the Java Runtime Environment:
#
#  SIGSEGV (0xb) at pc=0x000000011f23112f, pid=28227, tid=775
#
# JRE version: Java(TM) SE Runtime Environment (8.0_73-b02) (build 1.8.0_73-b02)
# Java VM: Java HotSpot(TM) 64-Bit Server VM (25.73-b02 mixed mode bsd-amd64 compressed oops)
# Problematic frame:
# C  [librxtxSerial.jnilib+0x312f]  Java_gnu_io_RXTXPort_interruptEventLoop+0x6b
#
# Failed to write core dump. Core dumps have been disabled. To enable core dumping, try "ulimit -c unlimited" before starting Java again
#
# If you would like to submit a bug report, please visit:
#   http://bugreport.java.com/bugreport/crash.jsp
# The crash happened outside the Java Virtual Machine in native code.
# See problematic frame for where to report the bug.
#

---------------  T H R E A D  ---------------

Current thread (0x00007fcdf61e4000):  JavaThread "JavaFX Application Thread" [_thread_in_native, id=775, stack(0x00007fff5cb7d000,0x00007fff5d37d000)]

siginfo: si_signo: 11 (SIGSEGV), si_code: 1 (SEGV_MAPERR), si_addr: 0x000070000cb25868

Registers:
RAX=0x0000000000000000, RBX=0x000070000cb25700, RCX=0x00007fffbe2bf408, RDX=0xffffffffffffffff
RSP=0x00007fff5d377790, RBP=0x00007fff5d3777a0, RSI=0x0000000000000000, RDI=0x000000000000003c
R8 =0x0000000000000000, R9 =0x0000000002faf080, R10=0x0000000000000001, R11=0x0000000000000247
R12=0x000000000000001f, R13=0x000000011efbe3b0, R14=0x00007fff5d377818, R15=0x00007fcdf61e4000
RIP=0x000000011f23112f, EFLAGS=0x0000000000010202, ERR=0x0000000000000004
  TRAPNO=0x000000000000000e

Top of Stack: (sp=0x00007fff5d377790)
0x00007fff5d377790:   000000011efbe3b0 0000000000000000
0x00007fff5d3777a0:   00007fff5d3777f8 00000001069c5954
0x00007fff5d3777b0:   00000001069c56a2 00007fff5d3777b8
0x00007fff5d3777c0:   000000011efbe3b0 00007fff5d377818
0x00007fff5d3777d0:   0000000122af43a0 0000000000000000
0x00007fff5d3777e0:   000000011efbe3b0 0000000000000000
0x00007fff5d3777f0:   00007fff5d377818 00007fff5d377860
0x00007fff5d377800:   00000001069b7c4d 0000000000000000
0x00007fff5d377810:   00000001069bf578 00000007405d0cc0
0x00007fff5d377820:   00007fff5d377820 000000011efbe857
0x00007fff5d377830:   00007fff5d377878 0000000122af43a0
0x00007fff5d377840:   0000000000000000 000000011efbe8e8
0x00007fff5d377850:   00007fff5d377818 00007fff5d377878
0x00007fff5d377860:   00007fff5d3778d0 00000001069b7c4d
0x00007fff5d377870:   0000000000000000 00000007405d0cc0
0x00007fff5d377880:   00000001069d10a3 00000007405d0cc0
0x00007fff5d377890:   00007fff5d377880 000000011efbf2c4
0x00007fff5d3778a0:   00007fff5d3778e8 0000000122af43a0
0x00007fff5d3778b0:   0000000000000000 000000011efbf300
0x00007fff5d3778c0:   00007fff5d377878 00007fff5d3778e8
0x00007fff5d3778d0:   00007fff5d377930 00000001069b7c4d
0x00007fff5d3778e0:   0000000000000000 00000007405d0cc0
0x00007fff5d3778f0:   00007fff5d3778f0 00000001056c8057
0x00007fff5d377900:   00007fff5d377948 00000001056c8108
0x00007fff5d377910:   0000000000000000 00000001056c8098
0x00007fff5d377920:   00007fff5d3778e8 00007fff5d377948
0x00007fff5d377930:   00007fff5d377990 00000001069b7c4d
0x00007fff5d377940:   0000000000000000 00000007409d5320
0x00007fff5d377950:   00007fff5d377950 00000001056cb751
0x00007fff5d377960:   00007fff5d3779a0 00000001056cb818
0x00007fff5d377970:   0000000000000000 00000001056cb770
0x00007fff5d377980:   00007fff5d377948 00007fff5d3779a0 

Instructions: (pc=0x000000011f23112f)
0x000000011f23110f:   00 01 00 00 00 48 8b bb 78 01 00 00 be 06 00 00
0x000000011f23111f:   00 e8 4d 27 00 00 bf 50 c3 00 00 e8 c7 27 00 00
0x000000011f23112f:   83 bb 68 01 00 00 01 74 16 48 8b bb 78 01 00 00
0x000000011f23113f:   e8 16 27 00 00 c7 83 68 01 00 00 01 00 00 00 5b 

Register to memory mapping:

RAX=0x0000000000000000 is an unknown value
RBX=0x000070000cb25700 is an unknown value
RCX=0x00007fffbe2bf408: _thread+0x48 in /usr/lib/system/libsystem_pthread.dylib at 0x00007fffb5566000
RDX=0xffffffffffffffff is an unknown value
RSP=0x00007fff5d377790 is pointing into the stack for thread: 0x00007fcdf61e4000
RBP=0x00007fff5d3777a0 is pointing into the stack for thread: 0x00007fcdf61e4000
RSI=0x0000000000000000 is an unknown value
RDI=0x000000000000003c is an unknown value
R8 =0x0000000000000000 is an unknown value
R9 =0x0000000002faf080 is an unknown value
R10=0x0000000000000001 is an unknown value
R11=0x0000000000000247 is an unknown value
R12=0x000000000000001f is an unknown value
R13={method} {0x000000011efbe3b0} 'interruptEventLoop' '()V' in 'gnu/io/RXTXPort'
R14=0x00007fff5d377818 is pointing into the stack for thread: 0x00007fcdf61e4000
R15=0x00007fcdf61e4000 is a thread


Stack: [0x00007fff5cb7d000,0x00007fff5d37d000],  sp=0x00007fff5d377790,  free space=8169k
Native frames: (J=compiled Java code, j=interpreted, Vv=VM code, C=native code)
C  [librxtxSerial.jnilib+0x312f]  Java_gnu_io_RXTXPort_interruptEventLoop+0x6b
j  gnu.io.RXTXPort.interruptEventLoop()V+0
j  gnu.io.RXTXPort.removeEventListener()V+55
j  gnu.io.RXTXPort.close()V+68
j  communication.Connection.close()V+31
j  userinterface.UI.lambda$1(Ljavafx/stage/WindowEvent;)V+17
j  userinterface.UI$$Lambda$265.handle(Ljavafx/event/Event;)V+4
J 2468 C1 com.sun.javafx.event.CompositeEventHandler.dispatchBubblingEvent(Ljavafx/event/Event;)V (57 bytes) @ 0x000000010714efd4 [0x000000010714ec00+0x3d4]
J 1619 C1 com.sun.javafx.event.EventHandlerManager.dispatchBubblingEvent(Ljavafx/event/Event;)Ljavafx/event/Event; (23 bytes) @ 0x0000000106eb5664 [0x0000000106eb4fc0+0x6a4]
J 1622 C1 com.sun.javafx.event.CompositeEventDispatcher.dispatchBubblingEvent(Ljavafx/event/Event;)Ljavafx/event/Event; (35 bytes) @ 0x0000000106eb6adc [0x0000000106eb6920+0x1bc]
J 1544 C1 com.sun.javafx.event.BasicEventDispatcher.dispatchEvent(Ljavafx/event/Event;Ljavafx/event/EventDispatchChain;)Ljavafx/event/Event; (44 bytes) @ 0x0000000106e8f774 [0x0000000106e8f440+0x334]
J 2900 C2 com.sun.javafx.event.EventDispatchChainImpl.dispatchEvent(Ljavafx/event/Event;)Ljavafx/event/Event; (101 bytes) @ 0x00000001072ae4d8 [0x00000001072ae420+0xb8]
J 2472 C1 com.sun.javafx.event.EventUtil.fireEvent(Ljavafx/event/EventTarget;Ljavafx/event/Event;)Ljavafx/event/Event; (81 bytes) @ 0x000000010715266c [0x0000000107151f40+0x72c]
J 2471 C1 javafx.event.Event.fireEvent(Ljavafx/event/EventTarget;Ljavafx/event/Event;)V (35 bytes) @ 0x00000001071536ec [0x0000000107153620+0xcc]
j  com.sun.javafx.stage.WindowPeerListener.closing()V+18
j  com.sun.javafx.tk.quantum.GlassWindowEventHandler.run()Ljava/lang/Void;+560
j  com.sun.javafx.tk.quantum.GlassWindowEventHandler.run()Ljava/lang/Object;+1
v  ~StubRoutines::call_stub
V  [libjvm.dylib+0x2eae7a]  JavaCalls::call_helper(JavaValue*, methodHandle*, JavaCallArguments*, Thread*)+0x6ae
V  [libjvm.dylib+0x34b3a4]  JVM_DoPrivileged+0x4b8
J 1572  java.security.AccessController.doPrivileged(Ljava/security/PrivilegedAction;Ljava/security/AccessControlContext;)Ljava/lang/Object; (0 bytes) @ 0x0000000106e95e15 [0x0000000106e95d40+0xd5]
j  com.sun.javafx.tk.quantum.GlassWindowEventHandler.lambda$handleWindowEvent$423()Ljava/lang/Void;+10
j  com.sun.javafx.tk.quantum.GlassWindowEventHandler$$Lambda$184.get()Ljava/lang/Object;+4
J 2574 C1 com.sun.javafx.tk.quantum.QuantumToolkit.runWithoutRenderLock(Ljava/util/function/Supplier;)Ljava/lang/Object; (49 bytes) @ 0x00000001071a7934 [0x00000001071a7400+0x534]
j  com.sun.javafx.tk.quantum.GlassWindowEventHandler.handleWindowEvent(Lcom/sun/glass/ui/Window;JI)V+17
j  com.sun.glass.ui.Window.handleWindowEvent(JI)V+14
j  com.sun.glass.ui.Window.notifyClose()V+7
v  ~StubRoutines::call_stub
V  [libjvm.dylib+0x2eae7a]  JavaCalls::call_helper(JavaValue*, methodHandle*, JavaCallArguments*, Thread*)+0x6ae
V  [libjvm.dylib+0x321f83]  jni_invoke_nonstatic(JNIEnv_*, JavaValue*, _jobject*, JNICallType, _jmethodID*, JNI_ArgumentPusher*, Thread*)+0x2ec
V  [libjvm.dylib+0x314757]  jni_CallVoidMethod+0x16b
C  [libglass.dylib+0x25555]  -[GlassWindow(Overrides) windowShouldClose:]+0xe5
C  [AppKit+0x36cc4e]  __19-[NSWindow __close]_block_invoke+0x7c
C  [AppKit+0x36cbc5]  -[NSWindow __close]+0x131
C  [libsystem_trace.dylib+0x33a7]  _os_activity_initiate_impl+0x35
C  [AppKit+0x7c4791]  -[NSApplication(NSResponder) sendAction:to:from:]+0x1c8
C  [AppKit+0x2a9000]  -[NSControl sendAction:to:]+0x56
C  [AppKit+0x2a8f28]  __26-[NSCell _sendActionFrom:]_block_invoke+0x88
C  [libsystem_trace.dylib+0x33a7]  _os_activity_initiate_impl+0x35
C  [AppKit+0x2a8e80]  -[NSCell _sendActionFrom:]+0x80
C  [AppKit+0x2eb875]  -[NSButtonCell _sendActionFrom:]+0x62
C  [libsystem_trace.dylib+0x33a7]  _os_activity_initiate_impl+0x35
C  [AppKit+0x2a7762]  -[NSCell trackMouse:inRect:ofView:untilMouseUp:]+0x9b1
C  [AppKit+0x2eb5ae]  -[NSButtonCell trackMouse:inRect:ofView:untilMouseUp:]+0x31e
C  [AppKit+0x2a6117]  -[NSControl mouseDown:]+0x340
C  [AppKit+0x346012]  -[_NSThemeWidget mouseDown:]+0x57
C  [AppKit+0x9402bf]  -[NSWindow(NSEventRouting) _handleMouseDownEvent:isDelayedEvent:]+0x18c5
C  [AppKit+0x93cadc]  -[NSWindow(NSEventRouting) _reallySendEvent:isDelayedEvent:]+0x796
C  [AppKit+0x93bf7a]  -[NSWindow(NSEventRouting) sendEvent:]+0x21d
C  [libglass.dylib+0x259b4]  -[GlassWindow_Normal sendEvent:]+0x74
C  [AppKit+0x7c06f1]  -[NSApplication(NSEvent) sendEvent:]+0x479
C  [AppKit+0x3b7f7]  -[NSApplication run]+0x3ea
C  [libglass.dylib+0x65ec]  -[GlassApplication runLoop:]+0x72c
C  [Foundation+0x7184a]  __NSThreadPerformPerform+0x146
C  [CoreFoundation+0xa43b1]  __CFRUNLOOP_IS_CALLING_OUT_TO_A_SOURCE0_PERFORM_FUNCTION__+0x11
C  [CoreFoundation+0x8563c]  __CFRunLoopDoSources0+0x22c
C  [CoreFoundation+0x84b26]  __CFRunLoopRun+0x3a6
C  [CoreFoundation+0x84524]  CFRunLoopRunSpecific+0x1a4
C  [java+0x6463]  CreateExecutionEnvironment+0x367
C  [java+0x21ac]  JLI_Launch+0x7a0
C  [java+0x84c0]  main+0x65
C  [java+0x1a04]  start+0x34
C  0x0000000000000006

Java frames: (J=compiled Java code, j=interpreted, Vv=VM code)
j  gnu.io.RXTXPort.interruptEventLoop()V+0
j  gnu.io.RXTXPort.removeEventListener()V+55
j  gnu.io.RXTXPort.close()V+68
j  communication.Connection.close()V+31
j  userinterface.UI.lambda$1(Ljavafx/stage/WindowEvent;)V+17
j  userinterface.UI$$Lambda$265.handle(Ljavafx/event/Event;)V+4
J 2468 C1 com.sun.javafx.event.CompositeEventHandler.dispatchBubblingEvent(Ljavafx/event/Event;)V (57 bytes) @ 0x000000010714efd4 [0x000000010714ec00+0x3d4]
J 1619 C1 com.sun.javafx.event.EventHandlerManager.dispatchBubblingEvent(Ljavafx/event/Event;)Ljavafx/event/Event; (23 bytes) @ 0x0000000106eb5664 [0x0000000106eb4fc0+0x6a4]
J 1622 C1 com.sun.javafx.event.CompositeEventDispatcher.dispatchBubblingEvent(Ljavafx/event/Event;)Ljavafx/event/Event; (35 bytes) @ 0x0000000106eb6adc [0x0000000106eb6920+0x1bc]
J 1544 C1 com.sun.javafx.event.BasicEventDispatcher.dispatchEvent(Ljavafx/event/Event;Ljavafx/event/EventDispatchChain;)Ljavafx/event/Event; (44 bytes) @ 0x0000000106e8f774 [0x0000000106e8f440+0x334]
J 2900 C2 com.sun.javafx.event.EventDispatchChainImpl.dispatchEvent(Ljavafx/event/Event;)Ljavafx/event/Event; (101 bytes) @ 0x00000001072ae4d8 [0x00000001072ae420+0xb8]
J 2472 C1 com.sun.javafx.event.EventUtil.fireEvent(Ljavafx/event/EventTarget;Ljavafx/event/Event;)Ljavafx/event/Event; (81 bytes) @ 0x000000010715266c [0x0000000107151f40+0x72c]
J 2471 C1 javafx.event.Event.fireEvent(Ljavafx/event/EventTarget;Ljavafx/event/Event;)V (35 bytes) @ 0x00000001071536ec [0x0000000107153620+0xcc]
j  com.sun.javafx.stage.WindowPeerListener.closing()V+18
j  com.sun.javafx.tk.quantum.GlassWindowEventHandler.run()Ljava/lang/Void;+560
j  com.sun.javafx.tk.quantum.GlassWindowEventHandler.run()Ljava/lang/Object;+1
v  ~StubRoutines::call_stub
J 1572  java.security.AccessController.doPrivileged(Ljava/security/PrivilegedAction;Ljava/security/AccessControlContext;)Ljava/lang/Object; (0 bytes) @ 0x0000000106e95da3 [0x0000000106e95d40+0x63]
j  com.sun.javafx.tk.quantum.GlassWindowEventHandler.lambda$handleWindowEvent$423()Ljava/lang/Void;+10
j  com.sun.javafx.tk.quantum.GlassWindowEventHandler$$Lambda$184.get()Ljava/lang/Object;+4
J 2574 C1 com.sun.javafx.tk.quantum.QuantumToolkit.runWithoutRenderLock(Ljava/util/function/Supplier;)Ljava/lang/Object; (49 bytes) @ 0x00000001071a7934 [0x00000001071a7400+0x534]
j  com.sun.javafx.tk.quantum.GlassWindowEventHandler.handleWindowEvent(Lcom/sun/glass/ui/Window;JI)V+17
j  com.sun.glass.ui.Window.handleWindowEvent(JI)V+14
j  com.sun.glass.ui.Window.notifyClose()V+7
v  ~StubRoutines::call_stub

---------------  P R O C E S S  ---------------

Java Threads: ( => current thread )
  0x00007fcdf79ec000 JavaThread "Thread-7" daemon [_thread_blocked, id=64779, stack(0x000070000cbac000,0x000070000ccac000)]
  0x00007fcdf6249000 JavaThread "Prism Font Disposer" daemon [_thread_blocked, id=56027, stack(0x000070000c8a0000,0x000070000c9a0000)]
  0x00007fcdf78ce800 JavaThread "JavaFX-Launcher" [_thread_blocked, id=50691, stack(0x000070000c79d000,0x000070000c89d000)]
  0x00007fcdf78c1800 JavaThread "Thread-3" daemon [_thread_in_native, id=36867, stack(0x000070000c614000,0x000070000c694000)]
=>0x00007fcdf61e4000 JavaThread "JavaFX Application Thread" [_thread_in_native, id=775, stack(0x00007fff5cb7d000,0x00007fff5d37d000)]
  0x00007fcdf68ce800 JavaThread "Thread-1" daemon [_thread_blocked, id=25095, stack(0x000070000c511000,0x000070000c611000)]
  0x00007fcdf7131800 JavaThread "QuantumRenderer-0" daemon [_thread_blocked, id=19715, stack(0x000070000c40e000,0x000070000c50e000)]
  0x00007fcdf6825000 JavaThread "Service Thread" daemon [_thread_blocked, id=18691, stack(0x000070000c208000,0x000070000c308000)]
  0x00007fcdf6010800 JavaThread "C1 CompilerThread2" daemon [_thread_blocked, id=18179, stack(0x000070000c105000,0x000070000c205000)]
  0x00007fcdf701f800 JavaThread "C2 CompilerThread1" daemon [_thread_blocked, id=17667, stack(0x000070000c002000,0x000070000c102000)]
  0x00007fcdf701d800 JavaThread "C2 CompilerThread0" daemon [_thread_blocked, id=17155, stack(0x000070000beff000,0x000070000bfff000)]
  0x00007fcdf6824000 JavaThread "Signal Dispatcher" daemon [_thread_blocked, id=16643, stack(0x000070000bdfc000,0x000070000befc000)]
  0x00007fcdf6001000 JavaThread "Finalizer" daemon [_thread_blocked, id=12547, stack(0x000070000bcf9000,0x000070000bdf9000)]
  0x00007fcdf7850800 JavaThread "Reference Handler" daemon [_thread_blocked, id=12035, stack(0x000070000bbf6000,0x000070000bcf6000)]
  0x00007fcdf7003000 JavaThread "main" [_thread_blocked, id=7171, stack(0x000070000b5e4000,0x000070000b6e4000)]

Other Threads:
  0x00007fcdf7850000 VMThread [stack: 0x000070000baf3000,0x000070000bbf3000] [id=11523]
  0x00007fcdf7010800 WatcherThread [stack: 0x000070000c30b000,0x000070000c40b000] [id=19203]

VM state:not at safepoint (normal execution)

VM Mutex/Monitor currently owned by a thread: None

Heap:
 PSYoungGen      total 38400K, used 4500K [0x0000000795580000, 0x0000000798000000, 0x00000007c0000000)
  eden space 33280K, 13% used [0x0000000795580000,0x00000007959e5178,0x0000000797600000)
  from space 5120K, 0% used [0x0000000797600000,0x0000000797600000,0x0000000797b00000)
  to   space 5120K, 0% used [0x0000000797b00000,0x0000000797b00000,0x0000000798000000)
 ParOldGen       total 70144K, used 10714K [0x0000000740000000, 0x0000000744480000, 0x0000000795580000)
  object space 70144K, 15% used [0x0000000740000000,0x0000000740a768b8,0x0000000744480000)
 Metaspace       used 20270K, capacity 21568K, committed 21760K, reserved 1067008K
  class space    used 3050K, capacity 3290K, committed 3328K, reserved 1048576K

Card table byte_map: [0x000000010454d000,0x000000010494e000] byte_map_base: 0x0000000100b4d000

Marking Bits: (ParMarkBitMap*) 0x0000000103ae3ea0
 Begin Bits: [0x00000001159b0000, 0x00000001179b0000)
 End Bits:   [0x00000001179b0000, 0x00000001199b0000)

Polling page: 0x0000000102943000

CodeCache: size=245760Kb used=9560Kb max_used=9568Kb free=236199Kb
 bounds [0x00000001069b0000, 0x0000000107310000, 0x00000001159b0000]
 total_blobs=3672 nmethods=2975 adapters=609
 compilation: enabled

Compilation events (10 events):
Event: 29.106 Thread 0x00007fcdf6010800 3002   !   3       javafx.scene.Node::impl_pickNode (130 bytes)
Event: 29.107 Thread 0x00007fcdf6010800 nmethod 3002 0x0000000107306a90 code [0x0000000107306ce0, 0x0000000107307ec8]
Event: 29.129 Thread 0x00007fcdf701d800 3003       4       javafx.scene.Scene::getRoot (22 bytes)
Event: 29.131 Thread 0x00007fcdf701d800 nmethod 3003 0x00000001072f6f90 code [0x00000001072f70e0, 0x00000001072f7218]
Event: 29.151 Thread 0x00007fcdf6010800 3004       3       com.sun.glass.ui.mac.MacTouchInputSupport$TouchPoint::<init> (39 bytes)
Event: 29.152 Thread 0x00007fcdf6010800 nmethod 3004 0x00000001072fc390 code [0x00000001072fc500, 0x00000001072fc6d0]
Event: 29.411 Thread 0x00007fcdf6010800 3005       1       javafx.scene.Scene::access$5300 (5 bytes)
Event: 29.412 Thread 0x00007fcdf6010800 nmethod 3005 0x00000001072fc0d0 code [0x00000001072fc220, 0x00000001072fc310]
Event: 29.727 Thread 0x00007fcdf6010800 3006       3       com.sun.javafx.tk.quantum.GestureRecognizers::synchWorkList (32 bytes)
Event: 29.728 Thread 0x00007fcdf6010800 nmethod 3006 0x000000010730cf90 code [0x000000010730d120, 0x000000010730d548]

GC Heap History (8 events):
Event: 3.882 GC heap before
{Heap before GC invocations=1 (full 0):
 PSYoungGen      total 38400K, used 32499K [0x0000000795580000, 0x0000000798000000, 0x00000007c0000000)
  eden space 33280K, 97% used [0x0000000795580000,0x000000079753cf90,0x0000000797600000)
  from space 5120K, 0% used [0x0000000797b00000,0x0000000797b00000,0x0000000798000000)
  to   space 5120K, 0% used [0x0000000797600000,0x0000000797600000,0x0000000797b00000)
 ParOldGen       total 87552K, used 0K [0x0000000740000000, 0x0000000745580000, 0x0000000795580000)
  object space 87552K, 0% used [0x0000000740000000,0x0000000740000000,0x0000000745580000)
 Metaspace       used 14743K, capacity 15538K, committed 15616K, reserved 1062912K
  class space    used 2102K, capacity 2267K, committed 2304K, reserved 1048576K
Event: 3.904 GC heap after
Heap after GC invocations=1 (full 0):
 PSYoungGen      total 38400K, used 4498K [0x0000000795580000, 0x0000000798000000, 0x00000007c0000000)
  eden space 33280K, 0% used [0x0000000795580000,0x0000000795580000,0x0000000797600000)
  from space 5120K, 87% used [0x0000000797600000,0x0000000797a64ac0,0x0000000797b00000)
  to   space 5120K, 0% used [0x0000000797b00000,0x0000000797b00000,0x0000000798000000)
 ParOldGen       total 87552K, used 16K [0x0000000740000000, 0x0000000745580000, 0x0000000795580000)
  object space 87552K, 0% used [0x0000000740000000,0x0000000740004000,0x0000000745580000)
 Metaspace       used 14743K, capacity 15538K, committed 15616K, reserved 1062912K
  class space    used 2102K, capacity 2267K, committed 2304K, reserved 1048576K
}
Event: 7.997 GC heap before
{Heap before GC invocations=2 (full 0):
 PSYoungGen      total 38400K, used 37778K [0x0000000795580000, 0x0000000798000000, 0x00000007c0000000)
  eden space 33280K, 100% used [0x0000000795580000,0x0000000797600000,0x0000000797600000)
  from space 5120K, 87% used [0x0000000797600000,0x0000000797a64ac0,0x0000000797b00000)
  to   space 5120K, 0% used [0x0000000797b00000,0x0000000797b00000,0x0000000798000000)
 ParOldGen       total 87552K, used 16K [0x0000000740000000, 0x0000000745580000, 0x0000000795580000)
  object space 87552K, 0% used [0x0000000740000000,0x0000000740004000,0x0000000745580000)
 Metaspace       used 19716K, capacity 20992K, committed 21248K, reserved 1067008K
  class space    used 3025K, capacity 3274K, committed 3328K, reserved 1048576K
Event: 8.016 GC heap after
Heap after GC invocations=2 (full 0):
 PSYoungGen      total 38400K, used 5088K [0x0000000795580000, 0x0000000798000000, 0x00000007c0000000)
  eden space 33280K, 0% used [0x0000000795580000,0x0000000795580000,0x0000000797600000)
  from space 5120K, 99% used [0x0000000797b00000,0x0000000797ff8050,0x0000000798000000)
  to   space 5120K, 0% used [0x0000000797600000,0x0000000797600000,0x0000000797b00000)
 ParOldGen       total 87552K, used 7527K [0x0000000740000000, 0x0000000745580000, 0x0000000795580000)
  object space 87552K, 8% used [0x0000000740000000,0x0000000740759c20,0x0000000745580000)
 Metaspace       used 19716K, capacity 20992K, committed 21248K, reserved 1067008K
  class space    used 3025K, capacity 3274K, committed 3328K, reserved 1048576K
}
Event: 10.084 GC heap before
{Heap before GC invocations=3 (full 0):
 PSYoungGen      total 38400K, used 8597K [0x0000000795580000, 0x0000000798000000, 0x00000007c0000000)
  eden space 33280K, 10% used [0x0000000795580000,0x00000007958ed650,0x0000000797600000)
  from space 5120K, 99% used [0x0000000797b00000,0x0000000797ff8050,0x0000000798000000)
  to   space 5120K, 0% used [0x0000000797600000,0x0000000797600000,0x0000000797b00000)
 ParOldGen       total 87552K, used 7527K [0x0000000740000000, 0x0000000745580000, 0x0000000795580000)
  object space 87552K, 8% used [0x0000000740000000,0x0000000740759c20,0x0000000745580000)
 Metaspace       used 19953K, capacity 21190K, committed 21248K, reserved 1067008K
  class space    used 3039K, capacity 3275K, committed 3328K, reserved 1048576K
Event: 10.095 GC heap after
Heap after GC invocations=3 (full 0):
 PSYoungGen      total 38400K, used 5104K [0x0000000795580000, 0x0000000798000000, 0x00000007c0000000)
  eden space 33280K, 0% used [0x0000000795580000,0x0000000795580000,0x0000000797600000)
  from space 5120K, 99% used [0x0000000797600000,0x0000000797afc040,0x0000000797b00000)
  to   space 5120K, 0% used [0x0000000797b00000,0x0000000797b00000,0x0000000798000000)
 ParOldGen       total 87552K, used 7947K [0x0000000740000000, 0x0000000745580000, 0x0000000795580000)
  object space 87552K, 9% used [0x0000000740000000,0x00000007407c2c30,0x0000000745580000)
 Metaspace       used 19953K, capacity 21190K, committed 21248K, reserved 1067008K
  class space    used 3039K, capacity 3275K, committed 3328K, reserved 1048576K
}
Event: 10.095 GC heap before
{Heap before GC invocations=4 (full 1):
 PSYoungGen      total 38400K, used 5104K [0x0000000795580000, 0x0000000798000000, 0x00000007c0000000)
  eden space 33280K, 0% used [0x0000000795580000,0x0000000795580000,0x0000000797600000)
  from space 5120K, 99% used [0x0000000797600000,0x0000000797afc040,0x0000000797b00000)
  to   space 5120K, 0% used [0x0000000797b00000,0x0000000797b00000,0x0000000798000000)
 ParOldGen       total 87552K, used 7947K [0x0000000740000000, 0x0000000745580000, 0x0000000795580000)
  object space 87552K, 9% used [0x0000000740000000,0x00000007407c2c30,0x0000000745580000)
 Metaspace       used 19953K, capacity 21190K, committed 21248K, reserved 1067008K
  class space    used 3039K, capacity 3275K, committed 3328K, reserved 1048576K
Event: 10.147 GC heap after
Heap after GC invocations=4 (full 1):
 PSYoungGen      total 38400K, used 0K [0x0000000795580000, 0x0000000798000000, 0x00000007c0000000)
  eden space 33280K, 0% used [0x0000000795580000,0x0000000795580000,0x0000000797600000)
  from space 5120K, 0% used [0x0000000797600000,0x0000000797600000,0x0000000797b00000)
  to   space 5120K, 0% used [0x0000000797b00000,0x0000000797b00000,0x0000000798000000)
 ParOldGen       total 70144K, used 10714K [0x0000000740000000, 0x0000000744480000, 0x0000000795580000)
  object space 70144K, 15% used [0x0000000740000000,0x0000000740a768b8,0x0000000744480000)
 Metaspace       used 19953K, capacity 21190K, committed 21248K, reserved 1067008K
  class space    used 3039K, capacity 3275K, committed 3328K, reserved 1048576K
}

Deoptimization events (10 events):
Event: 8.185 Thread 0x00007fcdf7131800 Uncommon trap: reason=class_check action=maybe_recompile pc=0x0000000106fc5ee0 method=java.util.concurrent.ConcurrentHashMap.putVal(Ljava/lang/Object;Ljava/lang/Object;Z)Ljava/lang/Object; @ 192
Event: 8.186 Thread 0x00007fcdf7131800 Uncommon trap: reason=class_check action=maybe_recompile pc=0x0000000106fc5ee0 method=java.util.concurrent.ConcurrentHashMap.putVal(Ljava/lang/Object;Ljava/lang/Object;Z)Ljava/lang/Object; @ 192
Event: 8.186 Thread 0x00007fcdf7131800 Uncommon trap: reason=unstable_if action=reinterpret pc=0x0000000106e9a5d8 method=java.lang.Math.round(F)I @ 23
Event: 14.246 Thread 0x00007fcdf61e4000 Uncommon trap: reason=unstable_if action=reinterpret pc=0x00000001071f9384 method=javafx.scene.Node.impl_pickNode(Lcom/sun/javafx/geom/PickRay;Lcom/sun/javafx/scene/input/PickResultChooser;)V @ 11
Event: 14.252 Thread 0x00007fcdf61e4000 Uncommon trap: reason=unstable_if action=reinterpret pc=0x00000001071d58f8 method=javafx.scene.Node.impl_pickNode(Lcom/sun/javafx/geom/PickRay;Lcom/sun/javafx/scene/input/PickResultChooser;)V @ 11
Event: 29.009 Thread 0x00007fcdf61e4000 Uncommon trap: reason=unstable_if action=reinterpret pc=0x00000001071e2a44 method=javafx.scene.Node.impl_intersectsBounds(Lcom/sun/javafx/geom/PickRay;)D @ 902
Event: 29.018 Thread 0x00007fcdf61e4000 Uncommon trap: reason=unstable_if action=reinterpret pc=0x00000001072d33dc method=javafx.scene.Node$MiscProperties.isMouseTransparent()Z @ 4
Event: 29.026 Thread 0x00007fcdf61e4000 Uncommon trap: reason=unstable_if action=reinterpret pc=0x00000001072b3e40 method=javafx.scene.Node$MiscProperties.isMouseTransparent()Z @ 4
Event: 30.188 Thread 0x00007fcdf79ec000 Uncommon trap: reason=unstable_if action=reinterpret pc=0x000000010712bef0 method=java.util.concurrent.FutureTask.isCancelled()Z @ 5
Event: 30.188 Thread 0x00007fcdf79ec000 Uncommon trap: reason=unstable_if action=reinterpret pc=0x0000000106f67574 method=java.util.concurrent.FutureTask.isCancelled()Z @ 5

Internal exceptions (10 events):
Event: 1.625 Thread 0x00007fcdf61e4000 Exception <a 'java/lang/NullPointerException'> (0x0000000796388508) thrown at [/HUDSON3/workspace/8-2-build-macosx-x86_64/jdk8u73/6086/hotspot/src/share/vm/interpreter/linkResolver.cpp, line 1178]
Event: 1.625 Thread 0x00007fcdf61e4000 Exception <a 'java/lang/NullPointerException'> (0x0000000796388508) thrown at [/HUDSON3/workspace/8-2-build-macosx-x86_64/jdk8u73/6086/hotspot/src/share/vm/prims/jvm.cpp, line 1390]
Event: 2.033 Thread 0x00007fcdf61e4000 Implicit null exception at 0x0000000106c21675 to 0x0000000106c218ad
Event: 2.232 Thread 0x00007fcdf61e4000 Exception <a 'java/io/FileNotFoundException'> (0x0000000796a1f0d0) thrown at [/HUDSON3/workspace/8-2-build-macosx-x86_64/jdk8u73/6086/hotspot/src/share/vm/prims/jni.cpp, line 709]
Event: 2.233 Thread 0x00007fcdf61e4000 Exception <a 'java/io/FileNotFoundException'> (0x0000000796a214b8) thrown at [/HUDSON3/workspace/8-2-build-macosx-x86_64/jdk8u73/6086/hotspot/src/share/vm/prims/jni.cpp, line 709]
Event: 2.236 Thread 0x00007fcdf61e4000 Exception <a 'java/io/FileNotFoundException'> (0x0000000796a332d8) thrown at [/HUDSON3/workspace/8-2-build-macosx-x86_64/jdk8u73/6086/hotspot/src/share/vm/prims/jni.cpp, line 709]
Event: 2.237 Thread 0x00007fcdf61e4000 Exception <a 'java/io/FileNotFoundException'> (0x0000000796a35560) thrown at [/HUDSON3/workspace/8-2-build-macosx-x86_64/jdk8u73/6086/hotspot/src/share/vm/prims/jni.cpp, line 709]
Event: 2.264 Thread 0x00007fcdf61e4000 Exception <a 'java/io/FileNotFoundException'> (0x0000000796abdbb0) thrown at [/HUDSON3/workspace/8-2-build-macosx-x86_64/jdk8u73/6086/hotspot/src/share/vm/prims/jni.cpp, line 709]
Event: 2.264 Thread 0x00007fcdf61e4000 Exception <a 'java/io/FileNotFoundException'> (0x0000000796abfe38) thrown at [/HUDSON3/workspace/8-2-build-macosx-x86_64/jdk8u73/6086/hotspot/src/share/vm/prims/jni.cpp, line 709]
Event: 7.627 Thread 0x00007fcdf61e4000 Implicit null exception at 0x0000000106de0c7a to 0x0000000106de17d9

Events (10 events):
Event: 30.188 loading class javafx/concurrent/Task done
Event: 30.188 Thread 0x00007fcdf79ec000 Uncommon trap: trap_request=0xffffff65 fr.pc=0x000000010712bef0
Event: 30.188 Thread 0x00007fcdf79ec000 DEOPT PACKING pc=0x000000010712bef0 sp=0x000070000ccaaaa0
Event: 30.188 Thread 0x00007fcdf79ec000 DEOPT UNPACKING pc=0x00000001069b5229 sp=0x000070000ccaaa10 mode 2
Event: 30.188 Thread 0x00007fcdf79ec000 Uncommon trap: trap_request=0xffffff65 fr.pc=0x0000000106f67574
Event: 30.188 Thread 0x00007fcdf79ec000 DEOPT PACKING pc=0x0000000106f67574 sp=0x000070000ccaaa50
Event: 30.188 Thread 0x00007fcdf79ec000 DEOPT UNPACKING pc=0x00000001069b5229 sp=0x000070000ccaaa00 mode 2
Event: 30.233 Executing VM operation: RevokeBias
Event: 30.233 Executing VM operation: RevokeBias done
Event: 30.233 Thread 0x00007fcdf68ae000 Thread exited: 0x00007fcdf68ae000


Dynamic libraries:
0x000000002a24e000 	/System/Library/Frameworks/Cocoa.framework/Versions/A/Cocoa
0x000000002a24e000 	/System/Library/Frameworks/Security.framework/Versions/A/Security
0x000000002a24e000 	/System/Library/Frameworks/ApplicationServices.framework/Versions/A/ApplicationServices
0x000000002a24e000 	/usr/lib/libz.1.dylib
0x000000002a24e000 	/usr/lib/libSystem.B.dylib
0x000000002a24e000 	/usr/lib/libobjc.A.dylib
0x000000002a24e000 	/System/Library/Frameworks/CoreFoundation.framework/Versions/A/CoreFoundation
0x000000002a24e000 	/System/Library/Frameworks/Foundation.framework/Versions/C/Foundation
0x000000002a24e000 	/System/Library/Frameworks/AppKit.framework/Versions/C/AppKit
0x000000002a24e000 	/System/Library/Frameworks/CoreData.framework/Versions/A/CoreData
0x000000002a24e000 	/System/Library/PrivateFrameworks/RemoteViewServices.framework/Versions/A/RemoteViewServices
0x000000002a24e000 	/System/Library/PrivateFrameworks/UIFoundation.framework/Versions/A/UIFoundation
0x000000002a24e000 	/System/Library/PrivateFrameworks/DFRFoundation.framework/Versions/A/DFRFoundation
0x000000002a24e000 	/usr/lib/libenergytrace.dylib
0x000000002a24e000 	/System/Library/PrivateFrameworks/SkyLight.framework/Versions/A/SkyLight
0x000000002a24e000 	/System/Library/Frameworks/CoreGraphics.framework/Versions/A/CoreGraphics
0x000000002a24e000 	/usr/lib/libScreenReader.dylib
0x000000002a24e000 	/System/Library/Frameworks/Accelerate.framework/Versions/A/Accelerate
0x000000002a24e000 	/System/Library/Frameworks/IOSurface.framework/Versions/A/IOSurface
0x000000002a24e000 	/System/Library/Frameworks/AudioToolbox.framework/Versions/A/AudioToolbox
0x000000002a24e000 	/System/Library/Frameworks/AudioUnit.framework/Versions/A/AudioUnit
0x000000002a24e000 	/System/Library/PrivateFrameworks/DataDetectorsCore.framework/Versions/A/DataDetectorsCore
0x000000002a24e000 	/System/Library/PrivateFrameworks/DesktopServicesPriv.framework/Versions/A/DesktopServicesPriv
0x000000002a24e000 	/System/Library/Frameworks/Carbon.framework/Versions/A/Frameworks/HIToolbox.framework/Versions/A/HIToolbox
0x000000002a24e000 	/usr/lib/libicucore.A.dylib
0x000000002a24e000 	/System/Library/Frameworks/QuartzCore.framework/Versions/A/QuartzCore
0x000000002a24e000 	/System/Library/Frameworks/Carbon.framework/Versions/A/Frameworks/SpeechRecognition.framework/Versions/A/SpeechRecognition
0x000000002a24e000 	/usr/lib/libauto.dylib
0x000000002a24e000 	/usr/lib/libxml2.2.dylib
0x000000002a24e000 	/System/Library/PrivateFrameworks/CoreUI.framework/Versions/A/CoreUI
0x000000002a24e000 	/System/Library/Frameworks/CoreAudio.framework/Versions/A/CoreAudio
0x000000002a24e000 	/System/Library/Frameworks/DiskArbitration.framework/Versions/A/DiskArbitration
0x000000002a24e000 	/usr/lib/liblangid.dylib
0x000000002a24e000 	/System/Library/PrivateFrameworks/MultitouchSupport.framework/Versions/A/MultitouchSupport
0x000000002a24e000 	/System/Library/Frameworks/IOKit.framework/Versions/A/IOKit
0x000000002a24e000 	/usr/lib/libDiagnosticMessagesClient.dylib
0x000000002a24e000 	/System/Library/Frameworks/CoreServices.framework/Versions/A/CoreServices
0x000000002a24e000 	/System/Library/PrivateFrameworks/PerformanceAnalysis.framework/Versions/A/PerformanceAnalysis
0x000000002a24e000 	/System/Library/PrivateFrameworks/GenerationalStorage.framework/Versions/A/GenerationalStorage
0x000000002a24e000 	/System/Library/Frameworks/OpenGL.framework/Versions/A/OpenGL
0x000000002a24e000 	/System/Library/Frameworks/CoreImage.framework/Versions/A/CoreImage
0x000000002a24e000 	/System/Library/Frameworks/CoreText.framework/Versions/A/CoreText
0x000000002a24e000 	/System/Library/Frameworks/ImageIO.framework/Versions/A/ImageIO
0x000000002a24e000 	/System/Library/PrivateFrameworks/Backup.framework/Versions/A/Backup
0x000000002a24e000 	/usr/lib/libarchive.2.dylib
0x000000002a24e000 	/System/Library/Frameworks/CFNetwork.framework/Versions/A/CFNetwork
0x000000002a24e000 	/System/Library/Frameworks/SystemConfiguration.framework/Versions/A/SystemConfiguration
0x000000002a24e000 	/usr/lib/libCRFSuite.dylib
0x000000002a24e000 	/usr/lib/libc++.1.dylib
0x000000002a24e000 	/usr/lib/libc++abi.dylib
0x000000002a24e000 	/usr/lib/system/libcache.dylib
0x000000002a24e000 	/usr/lib/system/libcommonCrypto.dylib
0x000000002a24e000 	/usr/lib/system/libcompiler_rt.dylib
0x000000002a24e000 	/usr/lib/system/libcopyfile.dylib
0x000000002a24e000 	/usr/lib/system/libcorecrypto.dylib
0x000000002a24e000 	/usr/lib/system/libdispatch.dylib
0x000000002a24e000 	/usr/lib/system/libdyld.dylib
0x000000002a24e000 	/usr/lib/system/libkeymgr.dylib
0x000000002a24e000 	/usr/lib/system/liblaunch.dylib
0x000000002a24e000 	/usr/lib/system/libmacho.dylib
0x000000002a24e000 	/usr/lib/system/libquarantine.dylib
0x000000002a24e000 	/usr/lib/system/libremovefile.dylib
0x000000002a24e000 	/usr/lib/system/libsystem_asl.dylib
0x000000002a24e000 	/usr/lib/system/libsystem_blocks.dylib
0x000000002a24e000 	/usr/lib/system/libsystem_c.dylib
0x000000002a24e000 	/usr/lib/system/libsystem_configuration.dylib
0x000000002a24e000 	/usr/lib/system/libsystem_coreservices.dylib
0x000000002a24e000 	/usr/lib/system/libsystem_coretls.dylib
0x000000002a24e000 	/usr/lib/system/libsystem_dnssd.dylib
0x000000002a24e000 	/usr/lib/system/libsystem_info.dylib
0x000000002a24e000 	/usr/lib/system/libsystem_kernel.dylib
0x000000002a24e000 	/usr/lib/system/libsystem_m.dylib
0x000000002a24e000 	/usr/lib/system/libsystem_malloc.dylib
0x000000002a24e000 	/usr/lib/system/libsystem_network.dylib
0x000000002a24e000 	/usr/lib/system/libsystem_networkextension.dylib
0x000000002a24e000 	/usr/lib/system/libsystem_notify.dylib
0x000000002a24e000 	/usr/lib/system/libsystem_platform.dylib
0x000000002a24e000 	/usr/lib/system/libsystem_pthread.dylib
0x000000002a24e000 	/usr/lib/system/libsystem_sandbox.dylib
0x000000002a24e000 	/usr/lib/system/libsystem_secinit.dylib
0x000000002a24e000 	/usr/lib/system/libsystem_symptoms.dylib
0x000000002a24e000 	/usr/lib/system/libsystem_trace.dylib
0x000000002a24e000 	/usr/lib/system/libunwind.dylib
0x000000002a24e000 	/usr/lib/system/libxpc.dylib
0x000000002a24e000 	/usr/lib/libbsm.0.dylib
0x000000002a24e000 	/usr/lib/system/libkxld.dylib
0x000000002a24e000 	/usr/lib/libcoretls.dylib
0x000000002a24e000 	/usr/lib/libcoretls_cfhelpers.dylib
0x000000002a24e000 	/usr/lib/libOpenScriptingUtil.dylib
0x000000002a24e000 	/usr/lib/libpam.2.dylib
0x000000002a24e000 	/usr/lib/libsqlite3.dylib
0x000000002a24e000 	/usr/lib/libxar.1.dylib
0x000000002a24e000 	/usr/lib/libbz2.1.0.dylib
0x000000002a24e000 	/usr/lib/liblzma.5.dylib
0x000000002a24e000 	/usr/lib/libnetwork.dylib
0x000000002a24e000 	/usr/lib/libpcap.A.dylib
0x000000002a24e000 	/System/Library/Frameworks/CoreServices.framework/Versions/A/Frameworks/FSEvents.framework/Versions/A/FSEvents
0x000000002a24e000 	/System/Library/Frameworks/CoreServices.framework/Versions/A/Frameworks/CarbonCore.framework/Versions/A/CarbonCore
0x000000002a24e000 	/System/Library/Frameworks/CoreServices.framework/Versions/A/Frameworks/Metadata.framework/Versions/A/Metadata
0x000000002a24e000 	/System/Library/Frameworks/CoreServices.framework/Versions/A/Frameworks/OSServices.framework/Versions/A/OSServices
0x000000002a24e000 	/System/Library/Frameworks/CoreServices.framework/Versions/A/Frameworks/SearchKit.framework/Versions/A/SearchKit
0x000000002a24e000 	/System/Library/Frameworks/CoreServices.framework/Versions/A/Frameworks/AE.framework/Versions/A/AE
0x000000002a24e000 	/System/Library/Frameworks/CoreServices.framework/Versions/A/Frameworks/LaunchServices.framework/Versions/A/LaunchServices
0x000000002a24e000 	/System/Library/Frameworks/CoreServices.framework/Versions/A/Frameworks/DictionaryServices.framework/Versions/A/DictionaryServices
0x000000002a24e000 	/System/Library/Frameworks/CoreServices.framework/Versions/A/Frameworks/SharedFileList.framework/Versions/A/SharedFileList
0x000000002a24e000 	/System/Library/Frameworks/NetFS.framework/Versions/A/NetFS
0x000000002a24e000 	/System/Library/PrivateFrameworks/NetAuth.framework/Versions/A/NetAuth
0x000000002a24e000 	/System/Library/PrivateFrameworks/login.framework/Versions/A/Frameworks/loginsupport.framework/Versions/A/loginsupport
0x000000002a24e000 	/System/Library/PrivateFrameworks/TCC.framework/Versions/A/TCC
0x000000002a24e000 	/usr/lib/libmecabra.dylib
0x000000002a24e000 	/System/Library/Frameworks/ApplicationServices.framework/Versions/A/Frameworks/ATS.framework/Versions/A/ATS
0x000000002a24e000 	/System/Library/Frameworks/ApplicationServices.framework/Versions/A/Frameworks/ColorSync.framework/Versions/A/ColorSync
0x000000002a24e000 	/System/Library/Frameworks/ApplicationServices.framework/Versions/A/Frameworks/HIServices.framework/Versions/A/HIServices
0x000000002a24e000 	/System/Library/Frameworks/ApplicationServices.framework/Versions/A/Frameworks/LangAnalysis.framework/Versions/A/LangAnalysis
0x000000002a24e000 	/System/Library/Frameworks/ApplicationServices.framework/Versions/A/Frameworks/PrintCore.framework/Versions/A/PrintCore
0x000000002a24e000 	/System/Library/Frameworks/ApplicationServices.framework/Versions/A/Frameworks/QD.framework/Versions/A/QD
0x000000002a24e000 	/System/Library/Frameworks/ApplicationServices.framework/Versions/A/Frameworks/SpeechSynthesis.framework/Versions/A/SpeechSynthesis
0x000000002a24e000 	/System/Library/Frameworks/Accelerate.framework/Versions/A/Frameworks/vImage.framework/Versions/A/vImage
0x000000002a24e000 	/System/Library/Frameworks/Accelerate.framework/Versions/A/Frameworks/vecLib.framework/Versions/A/vecLib
0x000000002a24e000 	/System/Library/Frameworks/Accelerate.framework/Versions/A/Frameworks/vecLib.framework/Versions/A/libvDSP.dylib
0x000000002a24e000 	/System/Library/Frameworks/Accelerate.framework/Versions/A/Frameworks/vecLib.framework/Versions/A/libBNNS.dylib
0x000000002a24e000 	/System/Library/Frameworks/Accelerate.framework/Versions/A/Frameworks/vecLib.framework/Versions/A/libQuadrature.dylib
0x000000002a24e000 	/System/Library/Frameworks/Accelerate.framework/Versions/A/Frameworks/vecLib.framework/Versions/A/libvMisc.dylib
0x000000002a24e000 	/System/Library/Frameworks/Accelerate.framework/Versions/A/Frameworks/vecLib.framework/Versions/A/libLAPACK.dylib
0x000000002a24e000 	/System/Library/Frameworks/Accelerate.framework/Versions/A/Frameworks/vecLib.framework/Versions/A/libBLAS.dylib
0x000000002a24e000 	/System/Library/Frameworks/Accelerate.framework/Versions/A/Frameworks/vecLib.framework/Versions/A/libLinearAlgebra.dylib
0x000000002a24e000 	/System/Library/Frameworks/Accelerate.framework/Versions/A/Frameworks/vecLib.framework/Versions/A/libSparseBLAS.dylib
0x000000002a24e000 	/System/Library/Frameworks/ApplicationServices.framework/Versions/A/Frameworks/ATS.framework/Versions/A/Resources/libFontParser.dylib
0x000000002a24e000 	/System/Library/Frameworks/ApplicationServices.framework/Versions/A/Frameworks/ATS.framework/Versions/A/Resources/libFontRegistry.dylib
0x000000002a24e000 	/System/Library/Frameworks/ImageIO.framework/Versions/A/Resources/libJPEG.dylib
0x000000002a24e000 	/System/Library/Frameworks/ImageIO.framework/Versions/A/Resources/libTIFF.dylib
0x000000002a24e000 	/System/Library/Frameworks/ImageIO.framework/Versions/A/Resources/libPng.dylib
0x000000002a24e000 	/System/Library/Frameworks/ImageIO.framework/Versions/A/Resources/libGIF.dylib
0x000000002a24e000 	/System/Library/Frameworks/ImageIO.framework/Versions/A/Resources/libJP2.dylib
0x000000002a24e000 	/System/Library/Frameworks/ImageIO.framework/Versions/A/Resources/libRadiance.dylib
0x000000002a24e000 	/usr/lib/libcompression.dylib
0x000000002a24e000 	/System/Library/PrivateFrameworks/AppleJPEG.framework/Versions/A/AppleJPEG
0x000000002a24e000 	/usr/lib/libcups.2.dylib
0x000000002a24e000 	/System/Library/Frameworks/Kerberos.framework/Versions/A/Kerberos
0x000000002a24e000 	/System/Library/Frameworks/GSS.framework/Versions/A/GSS
0x000000002a24e000 	/usr/lib/libresolv.9.dylib
0x000000002a24e000 	/usr/lib/libiconv.2.dylib
0x000000002a24e000 	/System/Library/PrivateFrameworks/Heimdal.framework/Versions/A/Heimdal
0x000000002a24e000 	/usr/lib/libheimdal-asn1.dylib
0x000000002a24e000 	/System/Library/Frameworks/OpenDirectory.framework/Versions/A/OpenDirectory
0x000000002a24e000 	/System/Library/PrivateFrameworks/CommonAuth.framework/Versions/A/CommonAuth
0x000000002a24e000 	/System/Library/Frameworks/OpenDirectory.framework/Versions/A/Frameworks/CFOpenDirectory.framework/Versions/A/CFOpenDirectory
0x000000002a24e000 	/System/Library/Frameworks/SecurityFoundation.framework/Versions/A/SecurityFoundation
0x000000002a24e000 	/System/Library/PrivateFrameworks/LanguageModeling.framework/Versions/A/LanguageModeling
0x000000002a24e000 	/usr/lib/libmarisa.dylib
0x000000002a24e000 	/usr/lib/libChineseTokenizer.dylib
0x000000002a24e000 	/usr/lib/libcmph.dylib
0x000000002a24e000 	/System/Library/PrivateFrameworks/CoreEmoji.framework/Versions/A/CoreEmoji
0x000000002a24e000 	/System/Library/Frameworks/ServiceManagement.framework/Versions/A/ServiceManagement
0x000000002a24e000 	/usr/lib/libxslt.1.dylib
0x000000002a24e000 	/System/Library/Frameworks/Carbon.framework/Versions/A/Frameworks/Ink.framework/Versions/A/Ink
0x000000002a24e000 	/System/Library/PrivateFrameworks/TextureIO.framework/Versions/A/TextureIO
0x000000002a24e000 	/System/Library/Frameworks/Metal.framework/Versions/A/Metal
0x000000002a24e000 	/usr/lib/libate.dylib
0x000000002a24e000 	/System/Library/PrivateFrameworks/GPUCompiler.framework/libmetal_timestamp.dylib
0x000000002a24e000 	/System/Library/Frameworks/OpenGL.framework/Versions/A/Libraries/libCoreFSCache.dylib
0x000000002a24e000 	/System/Library/PrivateFrameworks/IOAccelerator.framework/Versions/A/IOAccelerator
0x000000002a24e000 	/System/Library/Frameworks/CoreVideo.framework/Versions/A/CoreVideo
0x000000002a24e000 	/usr/lib/libFosl_dynamic.dylib
0x000000002a24e000 	/System/Library/PrivateFrameworks/MetalPerformanceShaders.framework/Versions/A/MetalPerformanceShaders
0x000000002a24e000 	/System/Library/PrivateFrameworks/FaceCore.framework/Versions/A/FaceCore
0x000000002a24e000 	/System/Library/Frameworks/OpenCL.framework/Versions/A/OpenCL
0x000000002a24e000 	/System/Library/Frameworks/OpenGL.framework/Versions/A/Libraries/libGLU.dylib
0x000000002a24e000 	/System/Library/Frameworks/OpenGL.framework/Versions/A/Libraries/libGFXShared.dylib
0x000000002a24e000 	/System/Library/Frameworks/OpenGL.framework/Versions/A/Libraries/libGL.dylib
0x000000002a24e000 	/System/Library/Frameworks/OpenGL.framework/Versions/A/Libraries/libGLImage.dylib
0x000000002a24e000 	/System/Library/Frameworks/OpenGL.framework/Versions/A/Libraries/libCVMSPluginSupport.dylib
0x000000002a24e000 	/System/Library/Frameworks/OpenGL.framework/Versions/A/Libraries/libCoreVMClient.dylib
0x000000002a24e000 	/System/Library/PrivateFrameworks/CrashReporterSupport.framework/Versions/A/CrashReporterSupport
0x000000002a24e000 	/System/Library/PrivateFrameworks/Sharing.framework/Versions/A/Sharing
0x000000002a24e000 	/System/Library/PrivateFrameworks/IconServices.framework/Versions/A/IconServices
0x000000002a24e000 	/System/Library/PrivateFrameworks/ProtocolBuffer.framework/Versions/A/ProtocolBuffer
0x000000002a24e000 	/System/Library/PrivateFrameworks/Apple80211.framework/Versions/A/Apple80211
0x000000002a24e000 	/System/Library/Frameworks/CoreWLAN.framework/Versions/A/CoreWLAN
0x000000002a24e000 	/System/Library/PrivateFrameworks/CoreUtils.framework/Versions/A/CoreUtils
0x000000002a24e000 	/System/Library/Frameworks/IOBluetooth.framework/Versions/A/IOBluetooth
0x000000002a24e000 	/System/Library/PrivateFrameworks/CoreWiFi.framework/Versions/A/CoreWiFi
0x000000002a24e000 	/System/Library/Frameworks/CoreBluetooth.framework/Versions/A/CoreBluetooth
0x000000002a24e000 	/System/Library/Frameworks/CoreDisplay.framework/Versions/A/CoreDisplay
0x000000002a24e000 	/System/Library/PrivateFrameworks/IOPresentment.framework/Versions/A/IOPresentment
0x000000002a24e000 	/System/Library/PrivateFrameworks/DSExternalDisplay.framework/Versions/A/DSExternalDisplay
0x000000002a24e000 	/System/Library/PrivateFrameworks/DebugSymbols.framework/Versions/A/DebugSymbols
0x000000002a24e000 	/System/Library/PrivateFrameworks/CoreSymbolication.framework/Versions/A/CoreSymbolication
0x000000002a24e000 	/System/Library/PrivateFrameworks/Symbolication.framework/Versions/A/Symbolication
0x000000002a24e000 	/System/Library/PrivateFrameworks/AppleFSCompression.framework/Versions/A/AppleFSCompression
0x000000002a24e000 	/System/Library/PrivateFrameworks/SpeechRecognitionCore.framework/Versions/A/SpeechRecognitionCore
0x000000002a24e000 	/System/Library/PrivateFrameworks/ChunkingLibrary.framework/Versions/A/ChunkingLibrary
0x0000000103200000 	/Library/Java/JavaVirtualMachines/jdk1.8.0_73.jdk/Contents/Home/jre/lib/server/libjvm.dylib
0x000000002a24e000 	/usr/lib/libstdc++.6.dylib
0x0000000102900000 	/Library/Java/JavaVirtualMachines/jdk1.8.0_73.jdk/Contents/Home/jre/lib/libverify.dylib
0x000000010290e000 	/Library/Java/JavaVirtualMachines/jdk1.8.0_73.jdk/Contents/Home/jre/lib/libjava.dylib
0x000000010294d000 	/Library/Java/JavaVirtualMachines/jdk1.8.0_73.jdk/Contents/Home/jre/lib/libzip.dylib
0x000000010684e000 	/System/Library/Frameworks/JavaVM.framework/Frameworks/JavaRuntimeSupport.framework/JavaRuntimeSupport
0x0000000106868000 	/System/Library/Frameworks/JavaVM.framework/Versions/A/Frameworks/JavaNativeFoundation.framework/Versions/A/JavaNativeFoundation
0x000000010687d000 	/System/Library/Frameworks/JavaVM.framework/Versions/A/JavaVM
0x000000002a24e000 	/System/Library/Frameworks/Carbon.framework/Versions/A/Carbon
0x000000010688a000 	/System/Library/PrivateFrameworks/JavaLaunching.framework/Versions/A/JavaLaunching
0x000000002a24e000 	/System/Library/Frameworks/Carbon.framework/Versions/A/Frameworks/CommonPanels.framework/Versions/A/CommonPanels
0x000000002a24e000 	/System/Library/Frameworks/Carbon.framework/Versions/A/Frameworks/Help.framework/Versions/A/Help
0x000000002a24e000 	/System/Library/Frameworks/Carbon.framework/Versions/A/Frameworks/ImageCapture.framework/Versions/A/ImageCapture
0x000000002a24e000 	/System/Library/Frameworks/Carbon.framework/Versions/A/Frameworks/OpenScripting.framework/Versions/A/OpenScripting
0x000000002a24e000 	/System/Library/Frameworks/Carbon.framework/Versions/A/Frameworks/Print.framework/Versions/A/Print
0x000000002a24e000 	/System/Library/Frameworks/Carbon.framework/Versions/A/Frameworks/SecurityHI.framework/Versions/A/SecurityHI
0x0000000106914000 	/Library/Java/JavaVirtualMachines/jdk1.8.0_73.jdk/Contents/Home/jre/lib/libprism_es2.dylib
0x000000002a24e000 	/System/Library/Frameworks/OpenGL.framework/Versions/A/Resources/GLEngine.bundle/GLEngine
0x000000002a24e000 	/System/Library/Frameworks/OpenGL.framework/Versions/A/Libraries/libGLProgrammability.dylib
0x000000011b554000 	/System/Library/Extensions/AppleIntelHD4000GraphicsGLDriver.bundle/Contents/MacOS/AppleIntelHD4000GraphicsGLDriver
0x000000002a24e000 	/System/Library/PrivateFrameworks/GPUSupport.framework/Versions/A/Libraries/libGPUSupportMercury.dylib
0x000000002a24e000 	/System/Library/Frameworks/OpenGL.framework/Versions/A/Resources/GLRendererFloat.bundle/GLRendererFloat
0x000000002a24e000 	/System/Library/Frameworks/OpenCL.framework/Versions/A/Libraries/libcldcpuengine.dylib
0x000000002a24e000 	/usr/lib/libcrypto.0.9.8.dylib
0x000000002a24e000 	/System/Library/PrivateFrameworks/TrustEvaluationAgent.framework/Versions/A/TrustEvaluationAgent
0x000000011bf91000 	/Library/Java/JavaVirtualMachines/jdk1.8.0_73.jdk/Contents/Home/jre/lib/libglass.dylib
0x000000002a24e000 	/System/Library/PrivateFrameworks/CoreServicesInternal.framework/Versions/A/CoreServicesInternal
0x000000002a24e000 	/System/Library/CoreServices/RawCamera.bundle/Contents/MacOS/RawCamera
0x000000002a24e000 	/System/Library/Frameworks/Accelerate.framework/Versions/A/Frameworks/vImage.framework/Versions/A/Libraries/libCGInterfaces.dylib
0x000000002a24e000 	/System/Library/PrivateFrameworks/FamilyControls.framework/Versions/A/FamilyControls
0x000000002a24e000 	/System/Library/PrivateFrameworks/CommerceKit.framework/Versions/A/Frameworks/CommerceCore.framework/Versions/A/CommerceCore
0x000000002a24e000 	/System/Library/PrivateFrameworks/SystemAdministration.framework/Versions/A/SystemAdministration
0x000000002a24e000 	/System/Library/PrivateFrameworks/AppContainer.framework/Versions/A/AppContainer
0x000000002a24e000 	/System/Library/PrivateFrameworks/SecCodeWrapper.framework/Versions/A/SecCodeWrapper
0x000000002a24e000 	/System/Library/Frameworks/DirectoryService.framework/Versions/A/DirectoryService
0x000000002a24e000 	/System/Library/PrivateFrameworks/DiskImages.framework/Versions/A/DiskImages
0x000000002a24e000 	/System/Library/PrivateFrameworks/LoginUIKit.framework/Versions/A/Frameworks/LoginUICore.framework/Versions/A/LoginUICore
0x000000002a24e000 	/usr/lib/libCoreStorage.dylib
0x000000002a24e000 	/usr/lib/libcsfde.dylib
0x000000002a24e000 	/usr/lib/libodfde.dylib
0x000000002a24e000 	/System/Library/Frameworks/DiscRecording.framework/Versions/A/DiscRecording
0x000000002a24e000 	/usr/lib/libcurl.4.dylib
0x000000002a24e000 	/System/Library/PrivateFrameworks/MediaKit.framework/Versions/A/MediaKit
0x000000002a24e000 	/System/Library/PrivateFrameworks/ProtectedCloudStorage.framework/Versions/A/ProtectedCloudStorage
0x000000002a24e000 	/System/Library/PrivateFrameworks/EFILogin.framework/Versions/A/EFILogin
0x000000002a24e000 	/usr/lib/libutil.dylib
0x000000002a24e000 	/System/Library/Frameworks/LDAP.framework/Versions/A/LDAP
0x000000002a24e000 	/usr/lib/libsasl2.2.dylib
0x000000002a24e000 	/System/Library/PrivateFrameworks/CoreDaemon.framework/Versions/B/CoreDaemon
0x000000002a24e000 	/System/Library/PrivateFrameworks/AppleSRP.framework/Versions/A/AppleSRP
0x000000002a24e000 	/System/Library/PrivateFrameworks/APFS.framework/Versions/A/APFS
0x000000011ed36000 	/Library/Java/JavaVirtualMachines/jdk1.8.0_73.jdk/Contents/Home/jre/lib/libnio.dylib
0x000000011ed46000 	/Library/Java/JavaVirtualMachines/jdk1.8.0_73.jdk/Contents/Home/jre/lib/./libnet.dylib
0x000000011f075000 	/Library/Java/JavaVirtualMachines/jdk1.8.0_73.jdk/Contents/Home/jre/lib/libjavafx_font.dylib
0x000000011f22e000 	/Users/Jerom/eclipse/java-neon/EE5/Java/EE5/bin/resource/librxtxSerial.jnilib
0x000000002a24e000 	/System/Library/Frameworks/ApplicationServices.framework/Versions/A/Frameworks/ATS.framework/Versions/A/Resources/libTrueTypeScaler.dylib
0x00000001221c4000 	/System/Library/Extensions/AppleIntelHD4000GraphicsMTLDriver.bundle/Contents/MacOS/AppleIntelHD4000GraphicsMTLDriver
0x00000001222e8000 	/Library/Java/JavaVirtualMachines/jdk1.8.0_73.jdk/Contents/Home/jre/lib/libprism_common.dylib
0x000000002a24e000 	/System/Library/PrivateFrameworks/ViewBridge.framework/Versions/A/ViewBridge
0x000000002a24e000 	/System/Library/PrivateFrameworks/XPCService.framework/Versions/A/XPCService
0x000000002a24e000 	/System/Library/PrivateFrameworks/AppSandbox.framework/Versions/A/AppSandbox
0x000000002a24e000 	/usr/lib/libsandbox.1.dylib
0x000000002a24e000 	/usr/lib/libMatch.1.dylib

VM Arguments:
jvm_args: -Djava.library.path=/Users/Jerom/eclipse/java-neon/EE5/Java/EE5/bin/resource -Dfile.encoding=UTF-8 
java_command: application.Main
java_class_path (initial): /Users/Jerom/eclipse/java-neon/EE5/Java/EE5/bin:/Users/Jerom/.p2/pool/plugins/org.eclipse.fx.ide.css.jfx8_2.4.0.201605112122.jar:/Users/Jerom/eclipse/java-neon/EE5/Java/EE5/rxtx-2.2.jar
Launcher Type: SUN_STANDARD

Environment Variables:
PATH=/usr/bin:/bin:/usr/sbin:/sbin
SHELL=/bin/bash
DISPLAY=/private/tmp/com.apple.launchd.HWJqUuMYsO/org.macosforge.xquartz:0

Signal Handlers:
SIGSEGV: [libjvm.dylib+0x5a71a5], sa_mask[0]=11111111011111110111111111111111, sa_flags=SA_ONSTACK|SA_RESTART|SA_SIGINFO
SIGBUS: [libjvm.dylib+0x5a71a5], sa_mask[0]=11111111011111110111111111111111, sa_flags=SA_RESTART|SA_SIGINFO
SIGFPE: [libjvm.dylib+0x480eb4], sa_mask[0]=11111111011111110111111111111111, sa_flags=SA_RESTART|SA_SIGINFO
SIGPIPE: [libjvm.dylib+0x480eb4], sa_mask[0]=11111111011111110111111111111111, sa_flags=SA_RESTART|SA_SIGINFO
SIGXFSZ: [libjvm.dylib+0x480eb4], sa_mask[0]=11111111011111110111111111111111, sa_flags=SA_RESTART|SA_SIGINFO
SIGILL: [libjvm.dylib+0x480eb4], sa_mask[0]=11111111011111110111111111111111, sa_flags=SA_RESTART|SA_SIGINFO
SIGUSR1: SIG_DFL, sa_mask[0]=00000000000000000000000000000000, sa_flags=none
SIGUSR2: [libjvm.dylib+0x4809d2], sa_mask[0]=00100000000000000000000000000000, sa_flags=SA_RESTART|SA_SIGINFO
SIGHUP: [libjvm.dylib+0x47efa9], sa_mask[0]=11111111011111110111111111111111, sa_flags=SA_RESTART|SA_SIGINFO
SIGINT: [libjvm.dylib+0x47efa9], sa_mask[0]=11111111011111110111111111111111, sa_flags=SA_RESTART|SA_SIGINFO
SIGTERM: [libjvm.dylib+0x47efa9], sa_mask[0]=11111111011111110111111111111111, sa_flags=SA_RESTART|SA_SIGINFO
SIGQUIT: [libjvm.dylib+0x47efa9], sa_mask[0]=11111111011111110111111111111111, sa_flags=SA_RESTART|SA_SIGINFO


---------------  S Y S T E M  ---------------

OS:Bsduname:Darwin 16.5.0 Darwin Kernel Version 16.5.0: Fri Mar  3 16:52:33 PST 2017; root:xnu-3789.51.2~3/RELEASE_X86_64 x86_64
rlimit: STACK 8192k, CORE 0k, NPROC 709, NOFILE 10240, AS infinity
load average:4.43 3.08 2.43

CPU:total 4 (2 cores per cpu, 2 threads per core) family 6 model 58 stepping 9, cmov, cx8, fxsr, mmx, sse, sse2, sse3, ssse3, sse4.1, sse4.2, popcnt, avx, aes, clmul, erms, ht, tsc, tscinvbit, tscinv

Memory: 4k page, physical 8388608k(151188k free)

/proc/meminfo:


vm_info: Java HotSpot(TM) 64-Bit Server VM (25.73-b02) for bsd-amd64 JRE (1.8.0_73-b02), built on Jan 29 2016 15:02:00 by "java_re" with gcc 4.2.1 (Based on Apple Inc. build 5658) (LLVM build 2336.11.00)

time: Thu May 18 13:19:41 2017
elapsed time: 30 seconds (0d 0h 0m 30s)

