#
# A fatal error has been detected by the Java Runtime Environment:
#
#  EXCEPTION_ACCESS_VIOLATION (0xc0000005) at pc=0x0000000180005b6b, pid=7232, tid=0x0000000000001d94
#
# JRE version: Java(TM) SE Runtime Environment (8.0_121-b13) (build 1.8.0_121-b13)
# Java VM: Java HotSpot(TM) 64-Bit Server VM (25.121-b13 mixed mode windows-amd64 compressed oops)
# Problematic frame:
# C  [rxtxSerial.dll+0x5b6b]
#
# Failed to write core dump. Minidumps are not enabled by default on client versions of Windows
#
# If you would like to submit a bug report, please visit:
#   http://bugreport.java.com/bugreport/crash.jsp
# The crash happened outside the Java Virtual Machine in native code.
# See problematic frame for where to report the bug.
#

---------------  T H R E A D  ---------------

Current thread (0x000000005e21c800):  JavaThread "Thread-6" daemon [_thread_in_native, id=7572, stack(0x0000000062ef0000,0x0000000062ff0000)]

siginfo: ExceptionCode=0xc0000005, writing address 0x000000006107ecc8

Registers:
RAX=0x00000000ffffffff, RBX=0x0000000000000000, RCX=0x0000000000000000, RDX=0x0000000000000000
RSP=0x0000000062fedfa0, RBP=0x00000000ffffffff, RSI=0x0000000000000009, RDI=0x0000000000000001
R8 =0x000007fffff5a000, R9 =0x0000000180000000, R10=0x0000000000000000, R11=0x0000000000000200
R12=0x000000006107ecc0, R13=0x0000000000000001, R14=0x0000000000000000, R15=0x0000000000000000
RIP=0x0000000180005b6b, EFLAGS=0x0000000000010286

Top of Stack: (sp=0x0000000062fedfa0)
0x0000000062fedfa0:   0000000000000000 0000000000000000
0x0000000062fedfb0:   0000000000000000 0000000000000000
0x0000000062fedfc0:   000000005e21c800 0000000062fee140
0x0000000062fedfd0:   000000005d4a2a00 0000000062fee140
0x0000000062fedfe0:   ffffffffffffffff 0000000000000001
0x0000000062fedff0:   000000005d7aff28 0000000180005f3f
0x0000000062fee000:   000000005e21c9f8 000000005e21c9f8
0x0000000062fee010:   0000000000000001 0000000062fee030
0x0000000062fee020:   0000000000000001 00000000ffffffff
0x0000000062fee030:   0000000062384fd0 0000000062fee140
0x0000000062fee040:   00000000000000b6 000000005e21c800
0x0000000062fee050:   0000000062fee1f0 0000000002ac3b23
0x0000000062fee060:   0000000002aa56d0 0000000000000000
0x0000000062fee070:   0000000062fee238 0000000062fee1f0
0x0000000062fee080:   000098ddece35806 00000000171b5770
0x0000000062fee090:   0000000000000000 0000000000000108 

Instructions: (pc=0x0000000180005b6b)
0x0000000180005b4b:   31 00 00 85 c0 78 33 74 06 03 d8 2b f8 eb 0a b9
0x0000000180005b5b:   e8 03 00 00 e8 1c 1c 00 00 41 3b dd 7c b7 8b c3
0x0000000180005b6b:   45 89 74 24 08 48 8b 5c 24 60 48 83 c4 20 41 5f
0x0000000180005b7b:   41 5e 41 5d 41 5c 5f 5e 5d c3 e8 1e 61 00 00 83 


Register to memory mapping:

RAX=0x00000000ffffffff is an unallocated location in the heap
RBX=0x0000000000000000 is an unknown value
RCX=0x0000000000000000 is an unknown value
RDX=0x0000000000000000 is an unknown value
RSP=0x0000000062fedfa0 is pointing into the stack for thread: 0x000000005e21c800
RBP=0x00000000ffffffff is an unallocated location in the heap
RSI=0x0000000000000009 is an unknown value
RDI=0x0000000000000001 is an unknown value
R8 =0x000007fffff5a000 is an unknown value
R9 =0x0000000180000000 is an unknown value
R10=0x0000000000000000 is an unknown value
R11=0x0000000000000200 is an unknown value
R12=0x000000006107ecc0 is an unknown value
R13=0x0000000000000001 is an unknown value
R14=0x0000000000000000 is an unknown value
R15=0x0000000000000000 is an unknown value


Stack: [0x0000000062ef0000,0x0000000062ff0000],  sp=0x0000000062fedfa0,  free space=1015k
Native frames: (J=compiled Java code, j=interpreted, Vv=VM code, C=native code)
C  [rxtxSerial.dll+0x5b6b]
C  [rxtxSerial.dll+0x5f3f]
C  0x0000000002ab7f54

Java frames: (J=compiled Java code, j=interpreted, Vv=VM code)
j  gnu.io.RXTXPort.readByte()I+0
j  gnu.io.RXTXPort$SerialInputStream.read()I+81
j  application.Multimeter$1.call()Ljava/lang/Object;+224
j  javafx.concurrent.Task$TaskCallable.call()Ljava/lang/Object;+26
j  java.util.concurrent.FutureTask.run()V+42
j  javafx.concurrent.Service.lambda$null$492(Ljavafx/concurrent/Task;)Ljava/lang/Void;+1
j  javafx.concurrent.Service$$Lambda$303.run()Ljava/lang/Object;+4
v  ~StubRoutines::call_stub
J 1537  java.security.AccessController.doPrivileged(Ljava/security/PrivilegedAction;Ljava/security/AccessControlContext;)Ljava/lang/Object; (0 bytes) @ 0x0000000002f655a6 [0x0000000002f65540+0x66]
j  javafx.concurrent.Service.lambda$executeTask$493(Ljavafx/concurrent/Task;Ljava/security/AccessControlContext;)V+7
j  javafx.concurrent.Service$$Lambda$301.run()V+8
j  java.util.concurrent.ThreadPoolExecutor.runWorker(Ljava/util/concurrent/ThreadPoolExecutor$Worker;)V+95
j  java.util.concurrent.ThreadPoolExecutor$Worker.run()V+5
j  java.lang.Thread.run()V+11
v  ~StubRoutines::call_stub

---------------  P R O C E S S  ---------------

Java Threads: ( => current thread )
  0x000000005e21d800 JavaThread "DestroyJavaVM" [_thread_blocked, id=7264, stack(0x00000000026d0000,0x00000000027d0000)]
=>0x000000005e21c800 JavaThread "Thread-6" daemon [_thread_in_native, id=7572, stack(0x0000000062ef0000,0x0000000062ff0000)]
  0x000000005b27b000 JavaThread "Prism Font Disposer" daemon [_thread_blocked, id=6316, stack(0x000000005eb20000,0x000000005ec20000)]
  0x000000005afa5000 JavaThread "Thread-3" daemon [_thread_in_native, id=6852, stack(0x000000005d140000,0x000000005d240000)]
  0x000000005af2c000 JavaThread "Thread-1" daemon [_thread_blocked, id=7892, stack(0x000000005b7a0000,0x000000005b8a0000)]
  0x0000000058d18800 JavaThread "Service Thread" daemon [_thread_blocked, id=7852, stack(0x000000005abb0000,0x000000005acb0000)]
  0x0000000058cb5000 JavaThread "C1 CompilerThread3" daemon [_thread_blocked, id=3328, stack(0x000000005a940000,0x000000005aa40000)]
  0x0000000058c94000 JavaThread "C2 CompilerThread2" daemon [_thread_blocked, id=5144, stack(0x000000005a820000,0x000000005a920000)]
  0x0000000058c87800 JavaThread "C2 CompilerThread1" daemon [_thread_blocked, id=7668, stack(0x000000005a680000,0x000000005a780000)]
  0x0000000058c82800 JavaThread "C2 CompilerThread0" daemon [_thread_blocked, id=7912, stack(0x000000005a520000,0x000000005a620000)]
  0x0000000058c7f000 JavaThread "Attach Listener" daemon [_thread_blocked, id=6020, stack(0x000000005a3e0000,0x000000005a4e0000)]
  0x0000000058c7d800 JavaThread "Signal Dispatcher" daemon [_thread_blocked, id=7488, stack(0x0000000059d90000,0x0000000059e90000)]
  0x0000000057abf000 JavaThread "Finalizer" daemon [_thread_blocked, id=7544, stack(0x000000005a260000,0x000000005a360000)]
  0x0000000057ab7800 JavaThread "Reference Handler" daemon [_thread_blocked, id=6644, stack(0x0000000059f20000,0x000000005a020000)]

Other Threads:
  0x0000000057ab0800 VMThread [stack: 0x0000000059c60000,0x0000000059d60000] [id=6968]
  0x0000000058d3f800 WatcherThread [stack: 0x000000005ad30000,0x000000005ae30000] [id=6484]

VM state:not at safepoint (normal execution)

VM Mutex/Monitor currently owned by a thread: None

Heap:
 PSYoungGen      total 38400K, used 17380K [0x00000000d5f00000, 0x00000000d8980000, 0x0000000100000000)
  eden space 33280K, 36% used [0x00000000d5f00000,0x00000000d6afd800,0x00000000d7f80000)
  from space 5120K, 99% used [0x00000000d8480000,0x00000000d897b8f0,0x00000000d8980000)
  to   space 5120K, 0% used [0x00000000d7f80000,0x00000000d7f80000,0x00000000d8480000)
 ParOldGen       total 87552K, used 6250K [0x0000000081c00000, 0x0000000087180000, 0x00000000d5f00000)
  object space 87552K, 7% used [0x0000000081c00000,0x000000008221aaa0,0x0000000087180000)
 Metaspace       used 19130K, capacity 20388K, committed 20608K, reserved 1067008K
  class space    used 2911K, capacity 3145K, committed 3200K, reserved 1048576K

Card table byte_map: [0x0000000011e60000,0x0000000012260000] byte_map_base: 0x0000000011a52000

Marking Bits: (ParMarkBitMap*) 0x0000000069c0b6d0
 Begin Bits: [0x0000000012db0000, 0x0000000014d40000)
 End Bits:   [0x0000000014d40000, 0x0000000016cd0000)

Polling page: 0x0000000000120000

CodeCache: size=245760Kb used=10565Kb max_used=10565Kb free=235194Kb
 bounds [0x0000000002aa0000, 0x0000000003500000, 0x0000000011aa0000]
 total_blobs=3956 nmethods=3289 adapters=578
 compilation: enabled

Compilation events (10 events):
Event: 19.790 Thread 0x0000000058cb5000 3285       3       com.sun.javafx.tk.quantum.WindowStage::setInAllowedEventHandler (6 bytes)
Event: 19.791 Thread 0x0000000058cb5000 nmethod 3285 0x00000000034eaad0 code [0x00000000034eac20, 0x00000000034ead70]
Event: 20.402 Thread 0x0000000058cb5000 3286       3       java.security.AccessControlContext::optimize (318 bytes)
Event: 20.407 Thread 0x0000000058cb5000 nmethod 3286 0x00000000034f5550 code [0x00000000034f58a0, 0x00000000034f73b8]
Event: 20.428 Thread 0x0000000058cb5000 3288       3       java.lang.invoke.MethodHandles$Lookup::findStatic (27 bytes)
Event: 20.432 Thread 0x0000000058cb5000 nmethod 3288 0x00000000034ea0d0 code [0x00000000034ea260, 0x00000000034ea608]
Event: 20.432 Thread 0x0000000058cb5000 3289       3       java.lang.invoke.MethodHandles$Lookup::findBoundCallerClass (36 bytes)
Event: 20.433 Thread 0x0000000058cb5000 nmethod 3289 0x00000000034f8250 code [0x00000000034f8440, 0x00000000034f8d98]
Event: 20.433 Thread 0x0000000058cb5000 3290       3       java.lang.invoke.MethodHandles$Lookup::getDirectMethod (12 bytes)
Event: 20.434 Thread 0x0000000058cb5000 nmethod 3290 0x00000000034e9d10 code [0x00000000034e9e80, 0x00000000034ea028]

GC Heap History (4 events):
Event: 2.905 GC heap before
{Heap before GC invocations=1 (full 0):
 PSYoungGen      total 38400K, used 33280K [0x00000000d5f00000, 0x00000000d8980000, 0x0000000100000000)
  eden space 33280K, 100% used [0x00000000d5f00000,0x00000000d7f80000,0x00000000d7f80000)
  from space 5120K, 0% used [0x00000000d8480000,0x00000000d8480000,0x00000000d8980000)
  to   space 5120K, 0% used [0x00000000d7f80000,0x00000000d7f80000,0x00000000d8480000)
 ParOldGen       total 87552K, used 0K [0x0000000081c00000, 0x0000000087180000, 0x00000000d5f00000)
  object space 87552K, 0% used [0x0000000081c00000,0x0000000081c00000,0x0000000087180000)
 Metaspace       used 14071K, capacity 14992K, committed 15104K, reserved 1062912K
  class space    used 2074K, capacity 2265K, committed 2304K, reserved 1048576K
Event: 2.919 GC heap after
Heap after GC invocations=1 (full 0):
 PSYoungGen      total 38400K, used 4866K [0x00000000d5f00000, 0x00000000d8980000, 0x0000000100000000)
  eden space 33280K, 0% used [0x00000000d5f00000,0x00000000d5f00000,0x00000000d7f80000)
  from space 5120K, 95% used [0x00000000d7f80000,0x00000000d8440ae0,0x00000000d8480000)
  to   space 5120K, 0% used [0x00000000d8480000,0x00000000d8480000,0x00000000d8980000)
 ParOldGen       total 87552K, used 2064K [0x0000000081c00000, 0x0000000087180000, 0x00000000d5f00000)
  object space 87552K, 2% used [0x0000000081c00000,0x0000000081e04010,0x0000000087180000)
 Metaspace       used 14071K, capacity 14992K, committed 15104K, reserved 1062912K
  class space    used 2074K, capacity 2265K, committed 2304K, reserved 1048576K
}
Event: 5.795 GC heap before
{Heap before GC invocations=2 (full 0):
 PSYoungGen      total 38400K, used 38146K [0x00000000d5f00000, 0x00000000d8980000, 0x0000000100000000)
  eden space 33280K, 100% used [0x00000000d5f00000,0x00000000d7f80000,0x00000000d7f80000)
  from space 5120K, 95% used [0x00000000d7f80000,0x00000000d8440ae0,0x00000000d8480000)
  to   space 5120K, 0% used [0x00000000d8480000,0x00000000d8480000,0x00000000d8980000)
 ParOldGen       total 87552K, used 2064K [0x0000000081c00000, 0x0000000087180000, 0x00000000d5f00000)
  object space 87552K, 2% used [0x0000000081c00000,0x0000000081e04010,0x0000000087180000)
 Metaspace       used 18935K, capacity 20234K, committed 20352K, reserved 1067008K
  class space    used 2902K, capacity 3138K, committed 3200K, reserved 1048576K
Event: 5.812 GC heap after
Heap after GC invocations=2 (full 0):
 PSYoungGen      total 38400K, used 5102K [0x00000000d5f00000, 0x00000000d8980000, 0x0000000100000000)
  eden space 33280K, 0% used [0x00000000d5f00000,0x00000000d5f00000,0x00000000d7f80000)
  from space 5120K, 99% used [0x00000000d8480000,0x00000000d897b8f0,0x00000000d8980000)
  to   space 5120K, 0% used [0x00000000d7f80000,0x00000000d7f80000,0x00000000d8480000)
 ParOldGen       total 87552K, used 6250K [0x0000000081c00000, 0x0000000087180000, 0x00000000d5f00000)
  object space 87552K, 7% used [0x0000000081c00000,0x000000008221aaa0,0x0000000087180000)
 Metaspace       used 18935K, capacity 20234K, committed 20352K, reserved 1067008K
  class space    used 2902K, capacity 3138K, committed 3200K, reserved 1048576K
}

Deoptimization events (10 events):
Event: 5.441 Thread 0x000000005af4e000 Uncommon trap: reason=class_check action=maybe_recompile pc=0x00000000031f8e5c method=java.util.HashMap.putVal(ILjava/lang/Object;Ljava/lang/Object;ZZ)Ljava/lang/Object; @ 203
Event: 5.840 Thread 0x000000005af4e000 Uncommon trap: reason=unstable_if action=reinterpret pc=0x00000000033698b0 method=javafx.scene.Node.updateBounds()V @ 47
Event: 6.236 Thread 0x000000005af4e000 Uncommon trap: reason=class_check action=maybe_recompile pc=0x00000000034141dc method=java.lang.reflect.Array.newInstance(Ljava/lang/Class;I)Ljava/lang/Object; @ 2
Event: 6.236 Thread 0x000000005af4e000 Uncommon trap: reason=class_check action=maybe_recompile pc=0x00000000034141dc method=java.lang.reflect.Array.newInstance(Ljava/lang/Class;I)Ljava/lang/Object; @ 2
Event: 6.237 Thread 0x000000005af4e000 Uncommon trap: reason=class_check action=maybe_recompile pc=0x00000000034141dc method=java.lang.reflect.Array.newInstance(Ljava/lang/Class;I)Ljava/lang/Object; @ 2
Event: 6.237 Thread 0x000000005af4e000 Uncommon trap: reason=class_check action=maybe_recompile pc=0x00000000034141dc method=java.lang.reflect.Array.newInstance(Ljava/lang/Class;I)Ljava/lang/Object; @ 2
Event: 7.184 Thread 0x000000005e21c800 Uncommon trap: reason=unstable_if action=reinterpret pc=0x000000000345f2dc method=application.Multimeter$1.call()Ljava/lang/Object; @ 67
Event: 12.785 Thread 0x000000005af22000 Uncommon trap: reason=unstable_if action=reinterpret pc=0x00000000031bc5c4 method=java.lang.Math.round(F)I @ 36
Event: 20.402 Thread 0x000000005e21c800 Uncommon trap: reason=unstable_if action=reinterpret pc=0x000000000346decc method=java.util.concurrent.FutureTask.isCancelled()Z @ 5
Event: 20.402 Thread 0x000000005e21c800 Uncommon trap: reason=unstable_if action=reinterpret pc=0x0000000003388a04 method=java.util.concurrent.FutureTask.isCancelled()Z @ 5

Internal exceptions (10 events):
Event: 0.359 Thread 0x000000000238e000 Exception <a 'java/security/PrivilegedActionException'> (0x00000000d61b8c28) thrown at [C:\re\workspace\8-2-build-windows-amd64-cygwin\jdk8u121\8372\hotspot\src\share\vm\prims\jvm.cpp, line 1390]
Event: 0.360 Thread 0x000000000238e000 Exception <a 'java/lang/NullPointerException'> (0x00000000d61b9370) thrown at [C:\re\workspace\8-2-build-windows-amd64-cygwin\jdk8u121\8372\hotspot\src\share\vm\interpreter\linkResolver.cpp, line 1178]
Event: 0.849 Thread 0x000000005af4e000 Exception <a 'java/lang/NullPointerException'> (0x00000000d6b11250) thrown at [C:\re\workspace\8-2-build-windows-amd64-cygwin\jdk8u121\8372\hotspot\src\share\vm\interpreter\linkResolver.cpp, line 1178]
Event: 0.849 Thread 0x000000005af4e000 Exception <a 'java/lang/NullPointerException'> (0x00000000d6b11250) thrown at [C:\re\workspace\8-2-build-windows-amd64-cygwin\jdk8u121\8372\hotspot\src\share\vm\prims\jvm.cpp, line 1394]
Event: 1.344 Thread 0x000000005af4e000 Exception <a 'java/io/FileNotFoundException'> (0x00000000d7199960) thrown at [C:\re\workspace\8-2-build-windows-amd64-cygwin\jdk8u121\8372\hotspot\src\share\vm\prims\jni.cpp, line 709]
Event: 1.351 Thread 0x000000005af4e000 Exception <a 'java/io/FileNotFoundException'> (0x00000000d71b00d8) thrown at [C:\re\workspace\8-2-build-windows-amd64-cygwin\jdk8u121\8372\hotspot\src\share\vm\prims\jni.cpp, line 709]
Event: 1.353 Thread 0x000000005af4e000 Exception <a 'java/io/FileNotFoundException'> (0x00000000d71c02d8) thrown at [C:\re\workspace\8-2-build-windows-amd64-cygwin\jdk8u121\8372\hotspot\src\share\vm\prims\jni.cpp, line 709]
Event: 1.366 Thread 0x000000005af4e000 Exception <a 'java/io/FileNotFoundException'> (0x00000000d71d6480) thrown at [C:\re\workspace\8-2-build-windows-amd64-cygwin\jdk8u121\8372\hotspot\src\share\vm\prims\jni.cpp, line 709]
Event: 1.392 Thread 0x000000005af4e000 Exception <a 'java/io/FileNotFoundException'> (0x00000000d72170a8) thrown at [C:\re\workspace\8-2-build-windows-amd64-cygwin\jdk8u121\8372\hotspot\src\share\vm\prims\jni.cpp, line 709]
Event: 1.397 Thread 0x000000005af4e000 Exception <a 'java/io/FileNotFoundException'> (0x00000000d722d250) thrown at [C:\re\workspace\8-2-build-windows-amd64-cygwin\jdk8u121\8372\hotspot\src\share\vm\prims\jni.cpp, line 709]

Events (10 events):
Event: 20.419 loading class javafx/application/Application done
Event: 20.423 loading class java/util/LinkedList$ListItr
Event: 20.423 loading class java/util/LinkedList$ListItr done
Event: 20.427 loading class com/sun/javafx/tk/quantum/QuantumRenderer
Event: 20.427 loading class com/sun/javafx/tk/quantum/QuantumRenderer done
Event: 20.428 loading class com/sun/javafx/tk/quantum/QuantumToolkit
Event: 20.428 loading class com/sun/javafx/tk/quantum/QuantumToolkit done
Event: 20.432 Thread 0x000000005af76000 Thread exited: 0x000000005af76000
Event: 20.434 Thread 0x000000000238e000 Thread exited: 0x000000000238e000
Event: 20.435 Thread 0x000000005e21d800 Thread added: 0x000000005e21d800


Dynamic libraries:
0x000000013f210000 - 0x000000013f247000 	C:\Program Files\Java\jre1.8.0_121\bin\javaw.exe
0x0000000077ab0000 - 0x0000000077c5a000 	C:\Windows\SYSTEM32\ntdll.dll
0x0000000077890000 - 0x00000000779af000 	C:\Windows\system32\kernel32.dll
0x000007fefdaf0000 - 0x000007fefdb5b000 	C:\Windows\system32\KERNELBASE.dll
0x000007fefe420000 - 0x000007fefe4fb000 	C:\Windows\system32\ADVAPI32.dll
0x000007fefe380000 - 0x000007fefe41f000 	C:\Windows\system32\msvcrt.dll
0x000007feff7f0000 - 0x000007feff80f000 	C:\Windows\SYSTEM32\sechost.dll
0x000007feffa90000 - 0x000007feffbbd000 	C:\Windows\system32\RPCRT4.dll
0x00000000779b0000 - 0x0000000077aaa000 	C:\Windows\system32\USER32.dll
0x000007feffa20000 - 0x000007feffa87000 	C:\Windows\system32\GDI32.dll
0x000007fefdfb0000 - 0x000007fefdfbe000 	C:\Windows\system32\LPK.dll
0x000007feff5a0000 - 0x000007feff66a000 	C:\Windows\system32\USP10.dll
0x000007fefc320000 - 0x000007fefc514000 	C:\Windows\WinSxS\amd64_microsoft.windows.common-controls_6595b64144ccf1df_6.0.7601.18837_none_fa3b1e3d17594757\COMCTL32.dll
0x000007feff770000 - 0x000007feff7e1000 	C:\Windows\system32\SHLWAPI.dll
0x000007fefe500000 - 0x000007fefe52e000 	C:\Windows\system32\IMM32.DLL
0x000007fefe6b0000 - 0x000007fefe7b9000 	C:\Windows\system32\MSCTF.dll
0x000007fefd9d0000 - 0x000007fefda00000 	C:\Windows\system32\nvinitx.dll
0x000007fefd9c0000 - 0x000007fefd9cc000 	C:\Windows\system32\VERSION.dll
0x0000000075650000 - 0x0000000075656000 	C:\Program Files\NVIDIA Corporation\CoProcManager\detoured.dll
0x000007fefb5e0000 - 0x000007fefb618000 	C:\Program Files\NVIDIA Corporation\CoProcManager\nvd3d9wrapx.dll
0x000007fefddd0000 - 0x000007fefdfa7000 	C:\Windows\system32\SETUPAPI.dll
0x000007fefdcd0000 - 0x000007fefdd06000 	C:\Windows\system32\CFGMGR32.dll
0x000007fefe220000 - 0x000007fefe2f8000 	C:\Windows\system32\OLEAUT32.dll
0x000007feff810000 - 0x000007feffa13000 	C:\Windows\system32\ole32.dll
0x000007fefdd10000 - 0x000007fefdd2a000 	C:\Windows\system32\DEVOBJ.dll
0x000007fefb5b0000 - 0x000007fefb5d4000 	C:\Program Files\NVIDIA Corporation\CoProcManager\nvdxgiwrapx.dll
0x000000005a160000 - 0x000000005a232000 	C:\Program Files\Java\jre1.8.0_121\bin\msvcr100.dll
0x00000000693f0000 - 0x0000000069c8b000 	C:\Program Files\Java\jre1.8.0_121\bin\server\jvm.dll
0x000007fef2fc0000 - 0x000007fef2fc9000 	C:\Windows\system32\WSOCK32.dll
0x000007fefe7c0000 - 0x000007fefe80d000 	C:\Windows\system32\WS2_32.dll
0x000007feffbc0000 - 0x000007feffbc8000 	C:\Windows\system32\NSI.dll
0x000007fefad90000 - 0x000007fefadcb000 	C:\Windows\system32\WINMM.dll
0x0000000077c70000 - 0x0000000077c77000 	C:\Windows\system32\PSAPI.DLL
0x000000006b7c0000 - 0x000000006b7cf000 	C:\Program Files\Java\jre1.8.0_121\bin\verify.dll
0x000000006b790000 - 0x000000006b7b9000 	C:\Program Files\Java\jre1.8.0_121\bin\java.dll
0x000000006b770000 - 0x000000006b786000 	C:\Program Files\Java\jre1.8.0_121\bin\zip.dll
0x000007fefe810000 - 0x000007feff59a000 	C:\Windows\system32\SHELL32.dll
0x000007fefda00000 - 0x000007fefda0f000 	C:\Windows\system32\profapi.dll
0x000007fedc200000 - 0x000007fedc2ef000 	C:\Program Files\Java\jre1.8.0_121\bin\msvcr120.dll
0x000007fedc150000 - 0x000007fedc1f6000 	C:\Program Files\Java\jre1.8.0_121\bin\msvcp120.dll
0x00000000020e0000 - 0x0000000002102000 	C:\Program Files\Java\jre1.8.0_121\bin\prism_d3d.dll
0x000007fede1e0000 - 0x000007fede3df000 	C:\Windows\system32\d3d9.dll
0x000007fefc190000 - 0x000007fefc197000 	C:\Windows\system32\d3d8thk.dll
0x000007fefbbd0000 - 0x000007fefbbe8000 	C:\Windows\system32\dwmapi.dll
0x0000000002110000 - 0x000000000214b000 	C:\Windows\system32\WINTRUST.dll
0x000007fefdb60000 - 0x000007fefdccd000 	C:\Windows\system32\CRYPT32.dll
0x000007fefdaa0000 - 0x000007fefdaaf000 	C:\Windows\system32\MSASN1.dll
0x000007fefbeb0000 - 0x000007fefbf06000 	C:\Windows\system32\uxtheme.dll
0x000007fefa1f0000 - 0x000007fefa272000 	C:\Windows\system32\nvumdshimx.dll
0x000007fee9f50000 - 0x000007feeb70a000 	C:\Windows\system32\igdumdim64.dll
0x00000000022d0000 - 0x0000000002313000 	C:\Program Files\Java\jre1.8.0_121\bin\glass.dll
0x000007feff670000 - 0x000007feff707000 	C:\Windows\system32\COMDLG32.dll
0x000007fefd8f0000 - 0x000007fefd8ff000 	C:\Windows\system32\CRYPTBASE.dll
0x0000000000560000 - 0x0000000000574000 	C:\Program Files\Java\jre1.8.0_121\bin\javafx_font.dll
0x000007feec320000 - 0x000007feec4b7000 	C:\Windows\system32\dwrite.dll
0x0000000180000000 - 0x0000000180025000 	D:\Docs\4de jaar\2de semester\EE5\EE5\Java\EE5\src\resource\rxtxSerial.dll
0x000007feffd20000 - 0x000007feffdb9000 	C:\Windows\system32\CLBCatQ.DLL
0x000007fefb660000 - 0x000007fefb7c1000 	C:\Windows\system32\WindowsCodecs.dll
0x000007fefd890000 - 0x000007fefd8e7000 	C:\Windows\system32\apphelp.dll
0x000007fef8c30000 - 0x000007fef8e69000 	C:\Program Files\Microsoft Office\root\Office16\GROOVEEX.DLL
0x000007fef8c10000 - 0x000007fef8c27000 	C:\Windows\system32\VCRUNTIME140.dll
0x000007fef8c00000 - 0x000007fef8c04000 	C:\Windows\system32\api-ms-win-crt-runtime-l1-1-0.dll
0x000007fef7db0000 - 0x000007fef7ea4000 	C:\Windows\system32\ucrtbase.DLL
0x000007fef7ef0000 - 0x000007fef7ef3000 	C:\Windows\system32\api-ms-win-core-timezone-l1-1-0.dll
0x000007fef7ee0000 - 0x000007fef7ee3000 	C:\Windows\system32\api-ms-win-core-file-l2-1-0.dll
0x000007fef7ed0000 - 0x000007fef7ed3000 	C:\Windows\system32\api-ms-win-core-localization-l1-2-0.dll
0x000007fef7ec0000 - 0x000007fef7ec3000 	C:\Windows\system32\api-ms-win-core-synch-l1-2-0.dll
0x000007fef7eb0000 - 0x000007fef7eb3000 	C:\Windows\system32\api-ms-win-core-processthreads-l1-1-1.dll
0x000007fef7da0000 - 0x000007fef7da3000 	C:\Windows\system32\api-ms-win-core-file-l1-2-0.dll
0x000007fef7d90000 - 0x000007fef7d94000 	C:\Windows\system32\api-ms-win-crt-string-l1-1-0.dll
0x000007fef7d80000 - 0x000007fef7d83000 	C:\Windows\system32\api-ms-win-crt-heap-l1-1-0.dll
0x000007fef7d70000 - 0x000007fef7d74000 	C:\Windows\system32\api-ms-win-crt-stdio-l1-1-0.dll
0x000007fef7d60000 - 0x000007fef7d64000 	C:\Windows\system32\api-ms-win-crt-convert-l1-1-0.dll
0x000007fef7cc0000 - 0x000007fef7d5e000 	C:\Windows\system32\MSVCP140.dll
0x000007fef7cb0000 - 0x000007fef7cb3000 	C:\Windows\system32\api-ms-win-crt-locale-l1-1-0.dll
0x000007fef7ca0000 - 0x000007fef7ca5000 	C:\Windows\system32\api-ms-win-crt-math-l1-1-0.dll
0x000007fef7c90000 - 0x000007fef7c95000 	C:\Windows\system32\api-ms-win-crt-multibyte-l1-1-0.dll
0x000007fef7c80000 - 0x000007fef7c83000 	C:\Windows\system32\api-ms-win-crt-time-l1-1-0.dll
0x000007fef7c70000 - 0x000007fef7c73000 	C:\Windows\system32\api-ms-win-crt-filesystem-l1-1-0.dll
0x000007fef7c60000 - 0x000007fef7c63000 	C:\Windows\system32\api-ms-win-crt-environment-l1-1-0.dll
0x000007fef7c50000 - 0x000007fef7c53000 	C:\Windows\system32\api-ms-win-crt-utility-l1-1-0.dll
0x000007fef7930000 - 0x000007fef7c4e000 	C:\Windows\system32\msi.dll
0x000007fef5970000 - 0x000007fef61f1000 	C:\Program Files\Microsoft Office\root\Office16\1033\GrooveIntlResource.dll
0x000007fef46c0000 - 0x000007fef46f5000 	C:\Windows\system32\EhStorShell.dll
0x000007fefbf10000 - 0x000007fefc03c000 	C:\Windows\system32\PROPSYS.dll
0x000007fef4510000 - 0x000007fef4590000 	C:\Windows\system32\ntshrui.dll
0x000007fefd530000 - 0x000007fefd553000 	C:\Windows\system32\srvcli.dll
0x000007fef4910000 - 0x000007fef491f000 	C:\Windows\system32\cscapi.dll
0x000007fefbbb0000 - 0x000007fefbbbb000 	C:\Windows\system32\slc.dll
0x000000005a4f0000 - 0x000000005a501000 	C:\Program Files\Java\jre1.8.0_121\bin\prism_common.dll
0x000007fef37d0000 - 0x000007fef3b94000 	C:\Windows\system32\d2d1.dll
0x000007fef9040000 - 0x000007fef9215000 	C:\Windows\system32\d3d11.dll
0x000007fef9220000 - 0x000007fef927d000 	C:\Windows\system32\dxgi.dll
0x000007fed64c0000 - 0x000007fed6739000 	C:\Windows\system32\D3D10Warp.dll
0x000007feec4c0000 - 0x000007feec5e5000 	C:\Windows\system32\dbghelp.dll

VM Arguments:
jvm_args: -Djava.library.path=D:\Docs\4de jaar\2de semester\EE5\EE5\Java\EE5\src\resource -Dfile.encoding=Cp1252 
java_command: application.Main
java_class_path (initial): D:\Docs\4de jaar\2de semester\EE5\EE5\Java\EE5\bin;C:\Users\Ivan\.p2\pool\plugins\org.eclipse.fx.ide.css.jfx8_2.1.0.201508240705.jar;D:\Docs\4de jaar\2de semester\EE5\EE5\Java\EE5\rxtx-2.2.jar
Launcher Type: SUN_STANDARD

Environment Variables:
PATH=C:/Program Files/Java/jre1.8.0_121/bin/server;C:/Program Files/Java/jre1.8.0_121/bin;C:/Program Files/Java/jre1.8.0_121/lib/amd64;C:\ProgramData\Oracle\Java\javapath;C:\Program Files (x86)\Intel\iCLS Client\;C:\Program Files\Intel\iCLS Client\;C:\Windows\system32;C:\Windows;C:\Windows\System32\Wbem;C:\Windows\System32\WindowsPowerShell\v1.0\;C:\Program Files\Intel\Intel(R) Management Engine Components\DAL;C:\Program Files (x86)\Intel\Intel(R) Management Engine Components\DAL;C:\Program Files\Intel\Intel(R) Management Engine Components\IPT;C:\Program Files (x86)\Intel\Intel(R) Management Engine Components\IPT;C:\Program Files (x86)\Microchip\xc8\v1.35\bin;C:\Program Files (x86)\Microchip\xc8\v1.36\bin;C:\Program Files (x86)\Skype\Phone\;C:\Program Files (x86)\NVIDIA Corporation\PhysX\Common;C:\Users\Ivan\Desktop;
USERNAME=Ivan
OS=Windows_NT
PROCESSOR_IDENTIFIER=Intel64 Family 6 Model 60 Stepping 3, GenuineIntel



---------------  S Y S T E M  ---------------

OS: Windows 7 , 64 bit Build 7601 (6.1.7601.19160)

CPU:total 8 (4 cores per cpu, 2 threads per core) family 6 model 60 stepping 3, cmov, cx8, fxsr, mmx, sse, sse2, sse3, ssse3, sse4.1, sse4.2, popcnt, avx, avx2, aes, clmul, erms, lzcnt, ht, tsc, tscinvbit, bmi1, bmi2

Memory: 4k page, physical 8268936k(2457100k free), swap 16536036k(8875632k free)

vm_info: Java HotSpot(TM) 64-Bit Server VM (25.121-b13) for windows-amd64 JRE (1.8.0_121-b13), built on Dec 12 2016 18:21:36 by "java_re" with MS VC++ 10.0 (VS2010)

time: Thu Mar 09 15:12:49 2017
elapsed time: 20 seconds (0d 0h 0m 20s)

