#
# A fatal error has been detected by the Java Runtime Environment:
#
#  SIGSEGV (0xb) at pc=0x000000012b7dbeb5, pid=1008, tid=67587
#
# JRE version: Java(TM) SE Runtime Environment (8.0_73-b02) (build 1.8.0_73-b02)
# Java VM: Java HotSpot(TM) 64-Bit Server VM (25.73-b02 mixed mode bsd-amd64 compressed oops)
# Problematic frame:
# C  [librxtxSerial.jnilib+0x3eb5]  read_byte_array+0x2dc
#
# Failed to write core dump. Core dumps have been disabled. To enable core dumping, try "ulimit -c unlimited" before starting Java again
#
# If you would like to submit a bug report, please visit:
#   http://bugreport.java.com/bugreport/crash.jsp
# The crash happened outside the Java Virtual Machine in native code.
# See problematic frame for where to report the bug.
#

---------------  T H R E A D  ---------------

Current thread (0x00007f91a2b52000):  JavaThread "Thread-6" [_thread_in_native, id=67587, stack(0x00007000041c4000,0x00007000042c4000)]

siginfo: si_signo: 11 (SIGSEGV), si_code: 1 (SEGV_MAPERR), si_addr: 0x000070000413d718

Registers:
RAX=0x0000000000000000, RBX=0x000000012b64d510, RCX=0x00007000042c4048, RDX=0x000070000413d710
RSP=0x00007000042c3530, RBP=0x00007000042c3670, RSI=0x00007f91a6a234d0, RDI=0x000000012b7dfa90
R8 =0x0000000000000000, R9 =0x0000000795cf5100, R10=0x000000000000002e, R11=0x00007fffa0f7dc97
R12=0x0000000000000000, R13=0x000000012b64d508, R14=0x00007000042c3778, R15=0x00007f91a2b52000
RIP=0x000000012b7dbeb5, EFLAGS=0x0000000000010283, ERR=0x0000000000000006
  TRAPNO=0x000000000000000e

Top of Stack: (sp=0x00007000042c3530)
0x00007000042c3530:   00000000a0e54770 00007f91a2b52000
0x00007000042c3540:   000000010eee9000 ff80000000001002
0x00007000042c3550:   00007000042cffff 00000001ffffffff
0x00007000042c3560:   00007f91a6a234d0 000000182b64d508
0x00007000042c3570:   00007000042c36a0 00007f91a2b521f8
0x00007000042c3580:   0000000001000000 0000000000000000
0x00007000042c3590:   0000000000000000 0000000000000000
0x00007000042c35a0:   0000000000000000 0000000000000000
0x00007000042c35b0:   0000000000000000 0000000000000000
0x00007000042c35c0:   0000000000000000 0000000000000000
0x00007000042c35d0:   0000000000000000 0000000000000000
0x00007000042c35e0:   0000000000000000 0000000000000000
0x00007000042c35f0:   0000000000000000 0000000000000000
0x00007000042c3600:   00007f91a6a234d0 0000000795d230f0
0x00007000042c3610:   00007000042c3670 ffffffff0fb1d281
0x00007000042c3620:   0000000000000001 0000000000000000
0x00007000042c3630:   0000000000000000 0000000000000000
0x00007000042c3640:   0000000000000000 0000000100000000
0x00007000042c3650:   000070000413d710 0000001800000000
0x00007000042c3660:   00007000042c3778 000000012b64d510
0x00007000042c3670:   00007000042c36d0 000000012b7dc1bc
0x00007000042c3680:   00007f91a6b32520 0000000000000072
0x00007000042c3690:   0000000000000001 00007000042c3770
0x00007000042c36a0:   00007000042c3778 00007f91a2b521f8
0x00007000042c36b0:   00007000042c35f0 00007f91a2b521f8
0x00007000042c36c0:   00007f91a6a234d0 ffffffff00000018
0x00007000042c36d0:   00007000042c3740 0000000114082954
0x00007000042c36e0:   00007000042c3778 00007f91a2b521f8
0x00007000042c36f0:   0000000000000000 0000001800000000
0x00007000042c3700:   00007000042c3700 0000000000000000
0x00007000042c3710:   00007000042c3778 000000012de42298
0x00007000042c3720:   0000000000000000 000000012b64d510 

Instructions: (pc=0x000000012b7dbeb5)
0x000000012b7dbe95:   2e e8 c0 2e 00 00 8b 00 83 f8 23 74 22 48 8d 3d
0x000000012b7dbea5:   e7 3b 00 00 e8 bf 1e 00 00 48 8b 55 e0 8b 45 d8
0x000000012b7dbeb5:   89 42 08 c7 85 dc fe ff ff ff ff ff ff eb 6f 48
0x000000012b7dbec5:   8b 55 e0 8b 45 d8 89 42 08 c7 85 dc fe ff ff ff 

Register to memory mapping:

RAX=0x0000000000000000 is an unknown value
RBX={method} {0x000000012b64d510} 'readArray' '([BII)I' in 'gnu/io/RXTXPort'
RCX=0x00007000042c4048 is an unknown value
RDX=0x000070000413d710 is an unknown value
RSP=0x00007000042c3530 is pointing into the stack for thread: 0x00007f91a2b52000
RBP=0x00007000042c3670 is pointing into the stack for thread: 0x00007f91a2b52000
RSI=0x00007f91a6a234d0 is an unknown value
RDI=0x000000012b7dfa90: Java_gnu_io_CommPortIdentifier_native_1psmisc_1report_1owner+0xd9c in /Library/Java/Extensions/librxtxSerial.jnilib at 0x000000012b7d8000
R8 =0x0000000000000000 is an unknown value
R9 =0x0000000795cf5100 is an oop
gnu.io.RXTXPort 
 - klass: 'gnu/io/RXTXPort'
R10=0x000000000000002e is an unknown value
R11=0x00007fffa0f7dc97: __error+0 in /usr/lib/system/libsystem_kernel.dylib at 0x00007fffa0f6b000
R12=0x0000000000000000 is an unknown value
R13=0x000000012b64d508 is pointing into metadata
R14=0x00007000042c3778 is pointing into the stack for thread: 0x00007f91a2b52000
R15=0x00007f91a2b52000 is a thread


Stack: [0x00007000041c4000,0x00007000042c4000],  sp=0x00007000042c3530,  free space=1021k
Native frames: (J=compiled Java code, j=interpreted, Vv=VM code, C=native code)
C  [librxtxSerial.jnilib+0x3eb5]  read_byte_array+0x2dc
C  [librxtxSerial.jnilib+0x41bc]  Java_gnu_io_RXTXPort_readArray+0xe4
j  gnu.io.RXTXPort.readArray([BII)I+0
j  gnu.io.RXTXPort$SerialInputStream.read([BII)I+187
j  gnu.io.RXTXPort$SerialInputStream.read([B)I+38
j  TestFiles.testConnection$SerialReader.run()V+15
j  java.lang.Thread.run()V+11
v  ~StubRoutines::call_stub
V  [libjvm.dylib+0x2eae7a]
V  [libjvm.dylib+0x2eb608]
V  [libjvm.dylib+0x2eb7b4]
V  [libjvm.dylib+0x345d31]
V  [libjvm.dylib+0x561753]
V  [libjvm.dylib+0x562e4e]
V  [libjvm.dylib+0x4838a2]
C  [libsystem_pthread.dylib+0x39af]  _pthread_body+0xb4
C  [libsystem_pthread.dylib+0x38fb]  _pthread_body+0x0
C  [libsystem_pthread.dylib+0x3101]  thread_start+0xd
C  0x0000000000000000

Java frames: (J=compiled Java code, j=interpreted, Vv=VM code)
j  gnu.io.RXTXPort.readArray([BII)I+0
j  gnu.io.RXTXPort$SerialInputStream.read([BII)I+187
j  gnu.io.RXTXPort$SerialInputStream.read([B)I+38
j  TestFiles.testConnection$SerialReader.run()V+15
j  java.lang.Thread.run()V+11
v  ~StubRoutines::call_stub

---------------  P R O C E S S  ---------------

Java Threads: ( => current thread )
  0x00007f91a212d800 JavaThread "DestroyJavaVM" [_thread_blocked, id=7171, stack(0x0000700002a73000,0x0000700002b73000)]
  0x00007f91a2b52800 JavaThread "Thread-7" [_thread_blocked, id=68099, stack(0x00007000042c7000,0x00007000043c7000)]
=>0x00007f91a2b52000 JavaThread "Thread-6" [_thread_in_native, id=67587, stack(0x00007000041c4000,0x00007000042c4000)]
  0x00007f91a1a55800 JavaThread "Prism Font Disposer" daemon [_thread_blocked, id=56283, stack(0x0000700003db2000,0x0000700003eb2000)]
  0x00007f91a19e9800 JavaThread "Thread-3" daemon [_thread_in_native, id=36867, stack(0x0000700003aa3000,0x0000700003b23000)]
  0x00007f91a288a800 JavaThread "Thread-1" daemon [_thread_blocked, id=25095, stack(0x00007000039a0000,0x0000700003aa0000)]
  0x00007f91a2003000 JavaThread "Service Thread" daemon [_thread_blocked, id=18691, stack(0x0000700003697000,0x0000700003797000)]
  0x00007f91a282b800 JavaThread "C1 CompilerThread2" daemon [_thread_blocked, id=18179, stack(0x0000700003594000,0x0000700003694000)]
  0x00007f91a2013800 JavaThread "C2 CompilerThread1" daemon [_thread_blocked, id=17667, stack(0x0000700003491000,0x0000700003591000)]
  0x00007f91a282a800 JavaThread "C2 CompilerThread0" daemon [_thread_blocked, id=17155, stack(0x000070000338e000,0x000070000348e000)]
  0x00007f91a2829000 JavaThread "Signal Dispatcher" daemon [_thread_blocked, id=16643, stack(0x000070000328b000,0x000070000338b000)]
  0x00007f91a180f000 JavaThread "Finalizer" daemon [_thread_blocked, id=12547, stack(0x0000700003188000,0x0000700003288000)]
  0x00007f91a2845000 JavaThread "Reference Handler" daemon [_thread_blocked, id=12035, stack(0x0000700003085000,0x0000700003185000)]

Other Threads:
  0x00007f91a180c800 VMThread [stack: 0x0000700002f82000,0x0000700003082000] [id=11523]
  0x00007f91a282a000 WatcherThread [stack: 0x000070000379a000,0x000070000389a000] [id=19203]

VM state:not at safepoint (normal execution)

VM Mutex/Monitor currently owned by a thread: None

Heap:
 PSYoungGen      total 38400K, used 14725K [0x0000000795580000, 0x0000000798000000, 0x00000007c0000000)
  eden space 33280K, 31% used [0x0000000795580000,0x0000000795fd4950,0x0000000797600000)
  from space 5120K, 80% used [0x0000000797600000,0x0000000797a0cac0,0x0000000797b00000)
  to   space 5120K, 0% used [0x0000000797b00000,0x0000000797b00000,0x0000000798000000)
 ParOldGen       total 87552K, used 16K [0x0000000740000000, 0x0000000745580000, 0x0000000795580000)
  object space 87552K, 0% used [0x0000000740000000,0x0000000740004000,0x0000000745580000)
 Metaspace       used 15232K, capacity 16206K, committed 16256K, reserved 1062912K
  class space    used 2187K, capacity 2406K, committed 2432K, reserved 1048576K

Card table byte_map: [0x0000000110b4d000,0x0000000110f4e000] byte_map_base: 0x000000010d14d000

Marking Bits: (ParMarkBitMap*) 0x00000001100e3ea0
 Begin Bits: [0x000000012306d000, 0x000000012506d000)
 End Bits:   [0x000000012506d000, 0x000000012706d000)

Polling page: 0x000000010ef8d000

CodeCache: size=245760Kb used=5508Kb max_used=5517Kb free=240251Kb
 bounds [0x000000011406d000, 0x00000001145dd000, 0x000000012306d000]
 total_blobs=2370 nmethods=1745 adapters=538
 compilation: enabled

Compilation events (10 events):
Event: 1102.236 Thread 0x00007f91a282b800 1749       3       java.util.regex.Pattern::nextEscaped (19 bytes)
Event: 1102.237 Thread 0x00007f91a282b800 nmethod 1749 0x00000001145cc650 code [0x00000001145cc7c0, 0x00000001145cc950]
Event: 1273.358 Thread 0x00007f91a282b800 1750       3       java.util.regex.Matcher::reset (83 bytes)
Event: 1273.359 Thread 0x00007f91a282b800 nmethod 1750 0x00000001145cbd90 code [0x00000001145cbf20, 0x00000001145cc3c8]
Event: 2124.109 Thread 0x00007f91a282a800 1751       4       java.util.regex.ASCII::isAlpha (8 bytes)
Event: 2124.110 Thread 0x00007f91a282a800 nmethod 1751 0x00000001145d2510 code [0x00000001145d2660, 0x00000001145d26f8]
Event: 2142.189 Thread 0x00007f91a282b800 1752       3       java.util.Locale::hashCode (41 bytes)
Event: 2142.190 Thread 0x00007f91a282b800 nmethod 1752 0x00000001145d1f10 code [0x00000001145d20a0, 0x00000001145d2418]
Event: 2261.637 Thread 0x00007f91a282b800 1753       1       java.nio.Buffer::remaining (10 bytes)
Event: 2261.638 Thread 0x00007f91a282b800 nmethod 1753 0x00000001145d1c50 code [0x00000001145d1da0, 0x00000001145d1eb0]

GC Heap History (2 events):
Event: 5.060 GC heap before
{Heap before GC invocations=1 (full 0):
 PSYoungGen      total 38400K, used 31621K [0x0000000795580000, 0x0000000798000000, 0x00000007c0000000)
  eden space 33280K, 95% used [0x0000000795580000,0x00000007974614e8,0x0000000797600000)
  from space 5120K, 0% used [0x0000000797b00000,0x0000000797b00000,0x0000000798000000)
  to   space 5120K, 0% used [0x0000000797600000,0x0000000797600000,0x0000000797b00000)
 ParOldGen       total 87552K, used 0K [0x0000000740000000, 0x0000000745580000, 0x0000000795580000)
  object space 87552K, 0% used [0x0000000740000000,0x0000000740000000,0x0000000745580000)
 Metaspace       used 13689K, capacity 14526K, committed 14848K, reserved 1062912K
  class space    used 1992K, capacity 2200K, committed 2304K, reserved 1048576K
Event: 5.070 GC heap after
Heap after GC invocations=1 (full 0):
 PSYoungGen      total 38400K, used 4146K [0x0000000795580000, 0x0000000798000000, 0x00000007c0000000)
  eden space 33280K, 0% used [0x0000000795580000,0x0000000795580000,0x0000000797600000)
  from space 5120K, 80% used [0x0000000797600000,0x0000000797a0cac0,0x0000000797b00000)
  to   space 5120K, 0% used [0x0000000797b00000,0x0000000797b00000,0x0000000798000000)
 ParOldGen       total 87552K, used 16K [0x0000000740000000, 0x0000000745580000, 0x0000000795580000)
  object space 87552K, 0% used [0x0000000740000000,0x0000000740004000,0x0000000745580000)
 Metaspace       used 13689K, capacity 14526K, committed 14848K, reserved 1062912K
  class space    used 1992K, capacity 2200K, committed 2304K, reserved 1048576K
}

Deoptimization events (10 events):
Event: 4.468 Thread 0x00007f91a212d800 Uncommon trap: reason=unstable_if action=reinterpret pc=0x00000001143bc87c method=sun.misc.URLClassPath$JarLoader.ensureOpen()V @ 4
Event: 4.768 Thread 0x00007f91a20d7000 Uncommon trap: reason=unstable_if action=reinterpret pc=0x00000001142fcf60 method=sun.net.www.ParseUtil.encodePath(Ljava/lang/String;Z)Ljava/lang/String; @ 109
Event: 5.074 Thread 0x00007f91a180f000 Uncommon trap: reason=unstable_if action=reinterpret pc=0x000000011441f23c method=java.lang.ref.ReferenceQueue.poll()Ljava/lang/ref/Reference; @ 4
Event: 5.639 Thread 0x00007f91a212d800 Uncommon trap: reason=unstable_if action=reinterpret pc=0x0000000114352f34 method=jdk.internal.org.objectweb.asm.Type.getArgumentsAndReturnSizes(Ljava/lang/String;)I @ 47
Event: 5.738 Thread 0x00007f91a212d800 Uncommon trap: reason=unstable_if action=reinterpret pc=0x0000000114480060 method=com.sun.javafx.css.BitSet.addAll(Ljava/util/Collection;)Z @ 1
Event: 5.758 Thread 0x00007f91a212d800 Uncommon trap: reason=array_check action=maybe_recompile pc=0x000000011448f3f8 method=com.sun.javafx.css.SimpleSelector.applies(Ljavafx/css/Styleable;[Ljava/util/Set;I)Z @ 37
Event: 5.758 Thread 0x00007f91a212d800 Uncommon trap: reason=array_check action=maybe_recompile pc=0x000000011448f3f8 method=com.sun.javafx.css.SimpleSelector.applies(Ljavafx/css/Styleable;[Ljava/util/Set;I)Z @ 37
Event: 5.758 Thread 0x00007f91a212d800 Uncommon trap: reason=array_check action=maybe_recompile pc=0x000000011448f3f8 method=com.sun.javafx.css.SimpleSelector.applies(Ljavafx/css/Styleable;[Ljava/util/Set;I)Z @ 37
Event: 5.758 Thread 0x00007f91a212d800 Uncommon trap: reason=array_check action=maybe_recompile pc=0x000000011448f3f8 method=com.sun.javafx.css.SimpleSelector.applies(Ljavafx/css/Styleable;[Ljava/util/Set;I)Z @ 37
Event: 7.628 Thread 0x00007f91a212d800 Uncommon trap: reason=array_check action=maybe_recompile pc=0x00000001145024b4 method=com.sun.javafx.css.SimpleSelector.applies(Ljavafx/css/Styleable;[Ljava/util/Set;I)Z @ 37

Internal exceptions (10 events):
Event: 2.071 Thread 0x00007f91a212d800 Exception <a 'java/lang/NullPointerException'> (0x00000007962f95d8) thrown at [/HUDSON3/workspace/8-2-build-macosx-x86_64/jdk8u73/6086/hotspot/src/share/vm/prims/jvm.cpp, line 1390]
Event: 2.517 Thread 0x00007f91a212d800 Implicit null exception at 0x00000001142c9b35 to 0x00000001142c9d31
Event: 2.617 Thread 0x00007f91a212d800 Exception <a 'java/io/FileNotFoundException'> (0x0000000796985448) thrown at [/HUDSON3/workspace/8-2-build-macosx-x86_64/jdk8u73/6086/hotspot/src/share/vm/prims/jni.cpp, line 709]
Event: 2.620 Thread 0x00007f91a212d800 Exception <a 'java/io/FileNotFoundException'> (0x0000000796987830) thrown at [/HUDSON3/workspace/8-2-build-macosx-x86_64/jdk8u73/6086/hotspot/src/share/vm/prims/jni.cpp, line 709]
Event: 2.623 Thread 0x00007f91a212d800 Exception <a 'java/io/FileNotFoundException'> (0x0000000796999cc8) thrown at [/HUDSON3/workspace/8-2-build-macosx-x86_64/jdk8u73/6086/hotspot/src/share/vm/prims/jni.cpp, line 709]
Event: 2.623 Thread 0x00007f91a212d800 Exception <a 'java/io/FileNotFoundException'> (0x000000079699bf50) thrown at [/HUDSON3/workspace/8-2-build-macosx-x86_64/jdk8u73/6086/hotspot/src/share/vm/prims/jni.cpp, line 709]
Event: 2.711 Thread 0x00007f91a212d800 Exception <a 'java/io/FileNotFoundException'> (0x0000000796a23688) thrown at [/HUDSON3/workspace/8-2-build-macosx-x86_64/jdk8u73/6086/hotspot/src/share/vm/prims/jni.cpp, line 709]
Event: 2.711 Thread 0x00007f91a212d800 Exception <a 'java/io/FileNotFoundException'> (0x0000000796a25910) thrown at [/HUDSON3/workspace/8-2-build-macosx-x86_64/jdk8u73/6086/hotspot/src/share/vm/prims/jni.cpp, line 709]
Event: 4.468 Thread 0x00007f91a212d800 Implicit null exception at 0x00000001143bb857 to 0x00000001143bc871
Event: 5.738 Thread 0x00007f91a212d800 Implicit null exception at 0x000000011447fa91 to 0x0000000114480049

Events (10 events):
Event: 7.665 Thread 0x00007f91a1008800 Thread exited: 0x00007f91a1008800
Event: 7.665 Thread 0x00007f91a20d7000 Thread exited: 0x00007f91a20d7000
Event: 7.665 Thread 0x00007f91a212d800 Thread added: 0x00007f91a212d800
Event: 13.406 Executing VM operation: RevokeBias
Event: 13.406 Executing VM operation: RevokeBias done
Event: 2261.639 Executing VM operation: RevokeBias
Event: 2261.639 Executing VM operation: RevokeBias done
Event: 2261.862 Thread 0x00007f91a1b5b000 Thread exited: 0x00007f91a1b5b000
Event: 2261.862 Executing VM operation: RevokeBias
Event: 2261.862 Executing VM operation: RevokeBias done


Dynamic libraries:
0x0000000015d54000 	/System/Library/Frameworks/Cocoa.framework/Versions/A/Cocoa
0x0000000015d54000 	/System/Library/Frameworks/Security.framework/Versions/A/Security
0x0000000015d54000 	/System/Library/Frameworks/ApplicationServices.framework/Versions/A/ApplicationServices
0x0000000015d54000 	/usr/lib/libz.1.dylib
0x0000000015d54000 	/usr/lib/libSystem.B.dylib
0x0000000015d54000 	/usr/lib/libobjc.A.dylib
0x0000000015d54000 	/System/Library/Frameworks/CoreFoundation.framework/Versions/A/CoreFoundation
0x0000000015d54000 	/System/Library/Frameworks/Foundation.framework/Versions/C/Foundation
0x0000000015d54000 	/System/Library/Frameworks/AppKit.framework/Versions/C/AppKit
0x0000000015d54000 	/System/Library/Frameworks/CoreData.framework/Versions/A/CoreData
0x0000000015d54000 	/System/Library/PrivateFrameworks/RemoteViewServices.framework/Versions/A/RemoteViewServices
0x0000000015d54000 	/System/Library/PrivateFrameworks/UIFoundation.framework/Versions/A/UIFoundation
0x0000000015d54000 	/System/Library/PrivateFrameworks/DFRFoundation.framework/Versions/A/DFRFoundation
0x0000000015d54000 	/usr/lib/libenergytrace.dylib
0x0000000015d54000 	/System/Library/PrivateFrameworks/SkyLight.framework/Versions/A/SkyLight
0x0000000015d54000 	/System/Library/Frameworks/CoreGraphics.framework/Versions/A/CoreGraphics
0x0000000015d54000 	/usr/lib/libScreenReader.dylib
0x0000000015d54000 	/System/Library/Frameworks/Accelerate.framework/Versions/A/Accelerate
0x0000000015d54000 	/System/Library/Frameworks/IOSurface.framework/Versions/A/IOSurface
0x0000000015d54000 	/System/Library/Frameworks/AudioToolbox.framework/Versions/A/AudioToolbox
0x0000000015d54000 	/System/Library/Frameworks/AudioUnit.framework/Versions/A/AudioUnit
0x0000000015d54000 	/System/Library/PrivateFrameworks/DataDetectorsCore.framework/Versions/A/DataDetectorsCore
0x0000000015d54000 	/System/Library/PrivateFrameworks/DesktopServicesPriv.framework/Versions/A/DesktopServicesPriv
0x0000000015d54000 	/System/Library/Frameworks/Carbon.framework/Versions/A/Frameworks/HIToolbox.framework/Versions/A/HIToolbox
0x0000000015d54000 	/usr/lib/libicucore.A.dylib
0x0000000015d54000 	/System/Library/Frameworks/QuartzCore.framework/Versions/A/QuartzCore
0x0000000015d54000 	/System/Library/Frameworks/Carbon.framework/Versions/A/Frameworks/SpeechRecognition.framework/Versions/A/SpeechRecognition
0x0000000015d54000 	/usr/lib/libauto.dylib
0x0000000015d54000 	/usr/lib/libxml2.2.dylib
0x0000000015d54000 	/System/Library/PrivateFrameworks/CoreUI.framework/Versions/A/CoreUI
0x0000000015d54000 	/System/Library/Frameworks/CoreAudio.framework/Versions/A/CoreAudio
0x0000000015d54000 	/System/Library/Frameworks/DiskArbitration.framework/Versions/A/DiskArbitration
0x0000000015d54000 	/usr/lib/liblangid.dylib
0x0000000015d54000 	/System/Library/PrivateFrameworks/MultitouchSupport.framework/Versions/A/MultitouchSupport
0x0000000015d54000 	/System/Library/Frameworks/IOKit.framework/Versions/A/IOKit
0x0000000015d54000 	/usr/lib/libDiagnosticMessagesClient.dylib
0x0000000015d54000 	/System/Library/Frameworks/CoreServices.framework/Versions/A/CoreServices
0x0000000015d54000 	/System/Library/PrivateFrameworks/PerformanceAnalysis.framework/Versions/A/PerformanceAnalysis
0x0000000015d54000 	/System/Library/PrivateFrameworks/GenerationalStorage.framework/Versions/A/GenerationalStorage
0x0000000015d54000 	/System/Library/Frameworks/OpenGL.framework/Versions/A/OpenGL
0x0000000015d54000 	/System/Library/Frameworks/CoreImage.framework/Versions/A/CoreImage
0x0000000015d54000 	/System/Library/Frameworks/CoreText.framework/Versions/A/CoreText
0x0000000015d54000 	/System/Library/Frameworks/ImageIO.framework/Versions/A/ImageIO
0x0000000015d54000 	/System/Library/PrivateFrameworks/Backup.framework/Versions/A/Backup
0x0000000015d54000 	/usr/lib/libarchive.2.dylib
0x0000000015d54000 	/System/Library/Frameworks/CFNetwork.framework/Versions/A/CFNetwork
0x0000000015d54000 	/System/Library/Frameworks/SystemConfiguration.framework/Versions/A/SystemConfiguration
0x0000000015d54000 	/usr/lib/libCRFSuite.dylib
0x0000000015d54000 	/usr/lib/libc++.1.dylib
0x0000000015d54000 	/usr/lib/libc++abi.dylib
0x0000000015d54000 	/usr/lib/system/libcache.dylib
0x0000000015d54000 	/usr/lib/system/libcommonCrypto.dylib
0x0000000015d54000 	/usr/lib/system/libcompiler_rt.dylib
0x0000000015d54000 	/usr/lib/system/libcopyfile.dylib
0x0000000015d54000 	/usr/lib/system/libcorecrypto.dylib
0x0000000015d54000 	/usr/lib/system/libdispatch.dylib
0x0000000015d54000 	/usr/lib/system/libdyld.dylib
0x0000000015d54000 	/usr/lib/system/libkeymgr.dylib
0x0000000015d54000 	/usr/lib/system/liblaunch.dylib
0x0000000015d54000 	/usr/lib/system/libmacho.dylib
0x0000000015d54000 	/usr/lib/system/libquarantine.dylib
0x0000000015d54000 	/usr/lib/system/libremovefile.dylib
0x0000000015d54000 	/usr/lib/system/libsystem_asl.dylib
0x0000000015d54000 	/usr/lib/system/libsystem_blocks.dylib
0x0000000015d54000 	/usr/lib/system/libsystem_c.dylib
0x0000000015d54000 	/usr/lib/system/libsystem_configuration.dylib
0x0000000015d54000 	/usr/lib/system/libsystem_coreservices.dylib
0x0000000015d54000 	/usr/lib/system/libsystem_coretls.dylib
0x0000000015d54000 	/usr/lib/system/libsystem_dnssd.dylib
0x0000000015d54000 	/usr/lib/system/libsystem_info.dylib
0x0000000015d54000 	/usr/lib/system/libsystem_kernel.dylib
0x0000000015d54000 	/usr/lib/system/libsystem_m.dylib
0x0000000015d54000 	/usr/lib/system/libsystem_malloc.dylib
0x0000000015d54000 	/usr/lib/system/libsystem_network.dylib
0x0000000015d54000 	/usr/lib/system/libsystem_networkextension.dylib
0x0000000015d54000 	/usr/lib/system/libsystem_notify.dylib
0x0000000015d54000 	/usr/lib/system/libsystem_platform.dylib
0x0000000015d54000 	/usr/lib/system/libsystem_pthread.dylib
0x0000000015d54000 	/usr/lib/system/libsystem_sandbox.dylib
0x0000000015d54000 	/usr/lib/system/libsystem_secinit.dylib
0x0000000015d54000 	/usr/lib/system/libsystem_symptoms.dylib
0x0000000015d54000 	/usr/lib/system/libsystem_trace.dylib
0x0000000015d54000 	/usr/lib/system/libunwind.dylib
0x0000000015d54000 	/usr/lib/system/libxpc.dylib
0x0000000015d54000 	/usr/lib/libbsm.0.dylib
0x0000000015d54000 	/usr/lib/system/libkxld.dylib
0x0000000015d54000 	/usr/lib/libcoretls.dylib
0x0000000015d54000 	/usr/lib/libcoretls_cfhelpers.dylib
0x0000000015d54000 	/usr/lib/libOpenScriptingUtil.dylib
0x0000000015d54000 	/usr/lib/libpam.2.dylib
0x0000000015d54000 	/usr/lib/libsqlite3.dylib
0x0000000015d54000 	/usr/lib/libxar.1.dylib
0x0000000015d54000 	/usr/lib/libbz2.1.0.dylib
0x0000000015d54000 	/usr/lib/liblzma.5.dylib
0x0000000015d54000 	/usr/lib/libnetwork.dylib
0x0000000015d54000 	/usr/lib/libpcap.A.dylib
0x0000000015d54000 	/System/Library/Frameworks/CoreServices.framework/Versions/A/Frameworks/FSEvents.framework/Versions/A/FSEvents
0x0000000015d54000 	/System/Library/Frameworks/CoreServices.framework/Versions/A/Frameworks/CarbonCore.framework/Versions/A/CarbonCore
0x0000000015d54000 	/System/Library/Frameworks/CoreServices.framework/Versions/A/Frameworks/Metadata.framework/Versions/A/Metadata
0x0000000015d54000 	/System/Library/Frameworks/CoreServices.framework/Versions/A/Frameworks/OSServices.framework/Versions/A/OSServices
0x0000000015d54000 	/System/Library/Frameworks/CoreServices.framework/Versions/A/Frameworks/SearchKit.framework/Versions/A/SearchKit
0x0000000015d54000 	/System/Library/Frameworks/CoreServices.framework/Versions/A/Frameworks/AE.framework/Versions/A/AE
0x0000000015d54000 	/System/Library/Frameworks/CoreServices.framework/Versions/A/Frameworks/LaunchServices.framework/Versions/A/LaunchServices
0x0000000015d54000 	/System/Library/Frameworks/CoreServices.framework/Versions/A/Frameworks/DictionaryServices.framework/Versions/A/DictionaryServices
0x0000000015d54000 	/System/Library/Frameworks/CoreServices.framework/Versions/A/Frameworks/SharedFileList.framework/Versions/A/SharedFileList
0x0000000015d54000 	/System/Library/Frameworks/NetFS.framework/Versions/A/NetFS
0x0000000015d54000 	/System/Library/PrivateFrameworks/NetAuth.framework/Versions/A/NetAuth
0x0000000015d54000 	/System/Library/PrivateFrameworks/login.framework/Versions/A/Frameworks/loginsupport.framework/Versions/A/loginsupport
0x0000000015d54000 	/System/Library/PrivateFrameworks/TCC.framework/Versions/A/TCC
0x0000000015d54000 	/usr/lib/libmecabra.dylib
0x0000000015d54000 	/System/Library/Frameworks/ApplicationServices.framework/Versions/A/Frameworks/ATS.framework/Versions/A/ATS
0x0000000015d54000 	/System/Library/Frameworks/ApplicationServices.framework/Versions/A/Frameworks/ColorSync.framework/Versions/A/ColorSync
0x0000000015d54000 	/System/Library/Frameworks/ApplicationServices.framework/Versions/A/Frameworks/HIServices.framework/Versions/A/HIServices
0x0000000015d54000 	/System/Library/Frameworks/ApplicationServices.framework/Versions/A/Frameworks/LangAnalysis.framework/Versions/A/LangAnalysis
0x0000000015d54000 	/System/Library/Frameworks/ApplicationServices.framework/Versions/A/Frameworks/PrintCore.framework/Versions/A/PrintCore
0x0000000015d54000 	/System/Library/Frameworks/ApplicationServices.framework/Versions/A/Frameworks/QD.framework/Versions/A/QD
0x0000000015d54000 	/System/Library/Frameworks/ApplicationServices.framework/Versions/A/Frameworks/SpeechSynthesis.framework/Versions/A/SpeechSynthesis
0x0000000015d54000 	/System/Library/Frameworks/Accelerate.framework/Versions/A/Frameworks/vImage.framework/Versions/A/vImage
0x0000000015d54000 	/System/Library/Frameworks/Accelerate.framework/Versions/A/Frameworks/vecLib.framework/Versions/A/vecLib
0x0000000015d54000 	/System/Library/Frameworks/Accelerate.framework/Versions/A/Frameworks/vecLib.framework/Versions/A/libvDSP.dylib
0x0000000015d54000 	/System/Library/Frameworks/Accelerate.framework/Versions/A/Frameworks/vecLib.framework/Versions/A/libBNNS.dylib
0x0000000015d54000 	/System/Library/Frameworks/Accelerate.framework/Versions/A/Frameworks/vecLib.framework/Versions/A/libQuadrature.dylib
0x0000000015d54000 	/System/Library/Frameworks/Accelerate.framework/Versions/A/Frameworks/vecLib.framework/Versions/A/libvMisc.dylib
0x0000000015d54000 	/System/Library/Frameworks/Accelerate.framework/Versions/A/Frameworks/vecLib.framework/Versions/A/libLAPACK.dylib
0x0000000015d54000 	/System/Library/Frameworks/Accelerate.framework/Versions/A/Frameworks/vecLib.framework/Versions/A/libBLAS.dylib
0x0000000015d54000 	/System/Library/Frameworks/Accelerate.framework/Versions/A/Frameworks/vecLib.framework/Versions/A/libLinearAlgebra.dylib
0x0000000015d54000 	/System/Library/Frameworks/Accelerate.framework/Versions/A/Frameworks/vecLib.framework/Versions/A/libSparseBLAS.dylib
0x0000000015d54000 	/System/Library/Frameworks/ApplicationServices.framework/Versions/A/Frameworks/ATS.framework/Versions/A/Resources/libFontParser.dylib
0x0000000015d54000 	/System/Library/Frameworks/ApplicationServices.framework/Versions/A/Frameworks/ATS.framework/Versions/A/Resources/libFontRegistry.dylib
0x0000000015d54000 	/System/Library/Frameworks/ImageIO.framework/Versions/A/Resources/libJPEG.dylib
0x0000000015d54000 	/System/Library/Frameworks/ImageIO.framework/Versions/A/Resources/libTIFF.dylib
0x0000000015d54000 	/System/Library/Frameworks/ImageIO.framework/Versions/A/Resources/libPng.dylib
0x0000000015d54000 	/System/Library/Frameworks/ImageIO.framework/Versions/A/Resources/libGIF.dylib
0x0000000015d54000 	/System/Library/Frameworks/ImageIO.framework/Versions/A/Resources/libJP2.dylib
0x0000000015d54000 	/System/Library/Frameworks/ImageIO.framework/Versions/A/Resources/libRadiance.dylib
0x0000000015d54000 	/usr/lib/libcompression.dylib
0x0000000015d54000 	/System/Library/PrivateFrameworks/AppleJPEG.framework/Versions/A/AppleJPEG
0x0000000015d54000 	/usr/lib/libcups.2.dylib
0x0000000015d54000 	/System/Library/Frameworks/Kerberos.framework/Versions/A/Kerberos
0x0000000015d54000 	/System/Library/Frameworks/GSS.framework/Versions/A/GSS
0x0000000015d54000 	/usr/lib/libresolv.9.dylib
0x0000000015d54000 	/usr/lib/libiconv.2.dylib
0x0000000015d54000 	/System/Library/PrivateFrameworks/Heimdal.framework/Versions/A/Heimdal
0x0000000015d54000 	/usr/lib/libheimdal-asn1.dylib
0x0000000015d54000 	/System/Library/Frameworks/OpenDirectory.framework/Versions/A/OpenDirectory
0x0000000015d54000 	/System/Library/PrivateFrameworks/CommonAuth.framework/Versions/A/CommonAuth
0x0000000015d54000 	/System/Library/Frameworks/OpenDirectory.framework/Versions/A/Frameworks/CFOpenDirectory.framework/Versions/A/CFOpenDirectory
0x0000000015d54000 	/System/Library/Frameworks/SecurityFoundation.framework/Versions/A/SecurityFoundation
0x0000000015d54000 	/System/Library/PrivateFrameworks/LanguageModeling.framework/Versions/A/LanguageModeling
0x0000000015d54000 	/usr/lib/libmarisa.dylib
0x0000000015d54000 	/usr/lib/libChineseTokenizer.dylib
0x0000000015d54000 	/usr/lib/libcmph.dylib
0x0000000015d54000 	/System/Library/PrivateFrameworks/CoreEmoji.framework/Versions/A/CoreEmoji
0x0000000015d54000 	/System/Library/Frameworks/ServiceManagement.framework/Versions/A/ServiceManagement
0x0000000015d54000 	/usr/lib/libxslt.1.dylib
0x0000000015d54000 	/System/Library/Frameworks/Carbon.framework/Versions/A/Frameworks/Ink.framework/Versions/A/Ink
0x0000000015d54000 	/System/Library/PrivateFrameworks/TextureIO.framework/Versions/A/TextureIO
0x0000000015d54000 	/System/Library/Frameworks/Metal.framework/Versions/A/Metal
0x0000000015d54000 	/usr/lib/libate.dylib
0x0000000015d54000 	/System/Library/PrivateFrameworks/GPUCompiler.framework/libmetal_timestamp.dylib
0x0000000015d54000 	/System/Library/Frameworks/OpenGL.framework/Versions/A/Libraries/libCoreFSCache.dylib
0x0000000015d54000 	/System/Library/PrivateFrameworks/IOAccelerator.framework/Versions/A/IOAccelerator
0x0000000015d54000 	/System/Library/Frameworks/CoreVideo.framework/Versions/A/CoreVideo
0x0000000015d54000 	/usr/lib/libFosl_dynamic.dylib
0x0000000015d54000 	/System/Library/PrivateFrameworks/MetalPerformanceShaders.framework/Versions/A/MetalPerformanceShaders
0x0000000015d54000 	/System/Library/PrivateFrameworks/FaceCore.framework/Versions/A/FaceCore
0x0000000015d54000 	/System/Library/Frameworks/OpenCL.framework/Versions/A/OpenCL
0x0000000015d54000 	/System/Library/Frameworks/OpenGL.framework/Versions/A/Libraries/libGLU.dylib
0x0000000015d54000 	/System/Library/Frameworks/OpenGL.framework/Versions/A/Libraries/libGFXShared.dylib
0x0000000015d54000 	/System/Library/Frameworks/OpenGL.framework/Versions/A/Libraries/libGL.dylib
0x0000000015d54000 	/System/Library/Frameworks/OpenGL.framework/Versions/A/Libraries/libGLImage.dylib
0x0000000015d54000 	/System/Library/Frameworks/OpenGL.framework/Versions/A/Libraries/libCVMSPluginSupport.dylib
0x0000000015d54000 	/System/Library/Frameworks/OpenGL.framework/Versions/A/Libraries/libCoreVMClient.dylib
0x0000000015d54000 	/System/Library/PrivateFrameworks/CrashReporterSupport.framework/Versions/A/CrashReporterSupport
0x0000000015d54000 	/System/Library/PrivateFrameworks/Sharing.framework/Versions/A/Sharing
0x0000000015d54000 	/System/Library/PrivateFrameworks/IconServices.framework/Versions/A/IconServices
0x0000000015d54000 	/System/Library/PrivateFrameworks/ProtocolBuffer.framework/Versions/A/ProtocolBuffer
0x0000000015d54000 	/System/Library/PrivateFrameworks/Apple80211.framework/Versions/A/Apple80211
0x0000000015d54000 	/System/Library/Frameworks/CoreWLAN.framework/Versions/A/CoreWLAN
0x0000000015d54000 	/System/Library/PrivateFrameworks/CoreUtils.framework/Versions/A/CoreUtils
0x0000000015d54000 	/System/Library/Frameworks/IOBluetooth.framework/Versions/A/IOBluetooth
0x0000000015d54000 	/System/Library/PrivateFrameworks/CoreWiFi.framework/Versions/A/CoreWiFi
0x0000000015d54000 	/System/Library/Frameworks/CoreBluetooth.framework/Versions/A/CoreBluetooth
0x0000000015d54000 	/System/Library/Frameworks/CoreDisplay.framework/Versions/A/CoreDisplay
0x0000000015d54000 	/System/Library/PrivateFrameworks/IOPresentment.framework/Versions/A/IOPresentment
0x0000000015d54000 	/System/Library/PrivateFrameworks/DSExternalDisplay.framework/Versions/A/DSExternalDisplay
0x0000000015d54000 	/System/Library/PrivateFrameworks/DebugSymbols.framework/Versions/A/DebugSymbols
0x0000000015d54000 	/System/Library/PrivateFrameworks/CoreSymbolication.framework/Versions/A/CoreSymbolication
0x0000000015d54000 	/System/Library/PrivateFrameworks/Symbolication.framework/Versions/A/Symbolication
0x0000000015d54000 	/System/Library/PrivateFrameworks/AppleFSCompression.framework/Versions/A/AppleFSCompression
0x0000000015d54000 	/System/Library/PrivateFrameworks/SpeechRecognitionCore.framework/Versions/A/SpeechRecognitionCore
0x0000000015d54000 	/System/Library/PrivateFrameworks/ChunkingLibrary.framework/Versions/A/ChunkingLibrary
0x000000010f800000 	/Library/Java/JavaVirtualMachines/jdk1.8.0_73.jdk/Contents/Home/jre/lib/server/libjvm.dylib
0x0000000015d54000 	/usr/lib/libstdc++.6.dylib
0x000000010ef4a000 	/Library/Java/JavaVirtualMachines/jdk1.8.0_73.jdk/Contents/Home/jre/lib/libverify.dylib
0x000000010ef58000 	/Library/Java/JavaVirtualMachines/jdk1.8.0_73.jdk/Contents/Home/jre/lib/libjava.dylib
0x000000010ef97000 	/Library/Java/JavaVirtualMachines/jdk1.8.0_73.jdk/Contents/Home/jre/lib/libzip.dylib
0x000000011309f000 	/System/Library/Frameworks/JavaVM.framework/Frameworks/JavaRuntimeSupport.framework/JavaRuntimeSupport
0x00000001130b9000 	/System/Library/Frameworks/JavaVM.framework/Versions/A/Frameworks/JavaNativeFoundation.framework/Versions/A/JavaNativeFoundation
0x000000010eff1000 	/System/Library/Frameworks/JavaVM.framework/Versions/A/JavaVM
0x0000000015d54000 	/System/Library/Frameworks/Carbon.framework/Versions/A/Carbon
0x00000001130ce000 	/System/Library/PrivateFrameworks/JavaLaunching.framework/Versions/A/JavaLaunching
0x0000000015d54000 	/System/Library/Frameworks/Carbon.framework/Versions/A/Frameworks/CommonPanels.framework/Versions/A/CommonPanels
0x0000000015d54000 	/System/Library/Frameworks/Carbon.framework/Versions/A/Frameworks/Help.framework/Versions/A/Help
0x0000000015d54000 	/System/Library/Frameworks/Carbon.framework/Versions/A/Frameworks/ImageCapture.framework/Versions/A/ImageCapture
0x0000000015d54000 	/System/Library/Frameworks/Carbon.framework/Versions/A/Frameworks/OpenScripting.framework/Versions/A/OpenScripting
0x0000000015d54000 	/System/Library/Frameworks/Carbon.framework/Versions/A/Frameworks/Print.framework/Versions/A/Print
0x0000000015d54000 	/System/Library/Frameworks/Carbon.framework/Versions/A/Frameworks/SecurityHI.framework/Versions/A/SecurityHI
0x00000001131f4000 	/Library/Java/JavaVirtualMachines/jdk1.8.0_73.jdk/Contents/Home/jre/lib/libprism_es2.dylib
0x0000000015d54000 	/System/Library/Frameworks/OpenGL.framework/Versions/A/Resources/GLEngine.bundle/GLEngine
0x0000000015d54000 	/System/Library/Frameworks/OpenGL.framework/Versions/A/Libraries/libGLProgrammability.dylib
0x000000011325a000 	/System/Library/Extensions/AppleIntelHD4000GraphicsGLDriver.bundle/Contents/MacOS/AppleIntelHD4000GraphicsGLDriver
0x0000000015d54000 	/System/Library/PrivateFrameworks/GPUSupport.framework/Versions/A/Libraries/libGPUSupportMercury.dylib
0x0000000015d54000 	/System/Library/Frameworks/OpenGL.framework/Versions/A/Resources/GLRendererFloat.bundle/GLRendererFloat
0x0000000015d54000 	/System/Library/Frameworks/OpenCL.framework/Versions/A/Libraries/libcldcpuengine.dylib
0x0000000015d54000 	/usr/lib/libcrypto.0.9.8.dylib
0x0000000015d54000 	/System/Library/PrivateFrameworks/TrustEvaluationAgent.framework/Versions/A/TrustEvaluationAgent
0x0000000113c97000 	/Library/Java/JavaVirtualMachines/jdk1.8.0_73.jdk/Contents/Home/jre/lib/libglass.dylib
0x0000000015d54000 	/System/Library/PrivateFrameworks/CoreServicesInternal.framework/Versions/A/CoreServicesInternal
0x0000000015d54000 	/System/Library/CoreServices/RawCamera.bundle/Contents/MacOS/RawCamera
0x0000000015d54000 	/System/Library/Frameworks/Accelerate.framework/Versions/A/Frameworks/vImage.framework/Versions/A/Libraries/libCGInterfaces.dylib
0x0000000015d54000 	/System/Library/PrivateFrameworks/FamilyControls.framework/Versions/A/FamilyControls
0x0000000015d54000 	/System/Library/PrivateFrameworks/CommerceKit.framework/Versions/A/Frameworks/CommerceCore.framework/Versions/A/CommerceCore
0x0000000015d54000 	/System/Library/PrivateFrameworks/SystemAdministration.framework/Versions/A/SystemAdministration
0x0000000015d54000 	/System/Library/PrivateFrameworks/AppContainer.framework/Versions/A/AppContainer
0x0000000015d54000 	/System/Library/PrivateFrameworks/SecCodeWrapper.framework/Versions/A/SecCodeWrapper
0x0000000015d54000 	/System/Library/Frameworks/DirectoryService.framework/Versions/A/DirectoryService
0x0000000015d54000 	/System/Library/PrivateFrameworks/DiskImages.framework/Versions/A/DiskImages
0x0000000015d54000 	/System/Library/PrivateFrameworks/LoginUIKit.framework/Versions/A/Frameworks/LoginUICore.framework/Versions/A/LoginUICore
0x0000000015d54000 	/usr/lib/libCoreStorage.dylib
0x0000000015d54000 	/usr/lib/libcsfde.dylib
0x0000000015d54000 	/usr/lib/libodfde.dylib
0x0000000015d54000 	/System/Library/Frameworks/DiscRecording.framework/Versions/A/DiscRecording
0x0000000015d54000 	/usr/lib/libcurl.4.dylib
0x0000000015d54000 	/System/Library/PrivateFrameworks/MediaKit.framework/Versions/A/MediaKit
0x0000000015d54000 	/System/Library/PrivateFrameworks/ProtectedCloudStorage.framework/Versions/A/ProtectedCloudStorage
0x0000000015d54000 	/System/Library/PrivateFrameworks/EFILogin.framework/Versions/A/EFILogin
0x0000000015d54000 	/usr/lib/libutil.dylib
0x0000000015d54000 	/System/Library/Frameworks/LDAP.framework/Versions/A/LDAP
0x0000000015d54000 	/usr/lib/libsasl2.2.dylib
0x0000000015d54000 	/System/Library/PrivateFrameworks/CoreDaemon.framework/Versions/B/CoreDaemon
0x0000000015d54000 	/System/Library/PrivateFrameworks/AppleSRP.framework/Versions/A/AppleSRP
0x0000000015d54000 	/System/Library/PrivateFrameworks/APFS.framework/Versions/A/APFS
0x0000000113d2c000 	/Library/Java/JavaVirtualMachines/jdk1.8.0_73.jdk/Contents/Home/jre/lib/libjavafx_font.dylib
0x000000012b7d8000 	/Library/Java/Extensions/librxtxSerial.jnilib
0x0000000015d54000 	/System/Library/Frameworks/ApplicationServices.framework/Versions/A/Frameworks/ATS.framework/Versions/A/Resources/libTrueTypeScaler.dylib
0x000000012dbe0000 	/System/Library/Extensions/AppleIntelHD4000GraphicsMTLDriver.bundle/Contents/MacOS/AppleIntelHD4000GraphicsMTLDriver
0x0000000015d54000 	/System/Library/PrivateFrameworks/ViewBridge.framework/Versions/A/ViewBridge
0x0000000015d54000 	/System/Library/PrivateFrameworks/XPCService.framework/Versions/A/XPCService
0x0000000015d54000 	/System/Library/PrivateFrameworks/AppSandbox.framework/Versions/A/AppSandbox
0x0000000015d54000 	/usr/lib/libsandbox.1.dylib
0x0000000015d54000 	/usr/lib/libMatch.1.dylib
0x000000012e2dc000 	/Library/Java/JavaVirtualMachines/jdk1.8.0_73.jdk/Contents/Home/jre/lib/libprism_common.dylib

VM Arguments:
jvm_args: -Dfile.encoding=UTF-8 
java_command: TestFiles.Main
java_class_path (initial): /Users/Jerom/eclipse/java-neon/EE5/Java/EE5/bin:/Users/Jerom/.p2/pool/plugins/org.eclipse.fx.ide.css.jfx8_2.4.0.201605112122.jar:/Users/Jerom/eclipse/java-neon/EE5/Java/EE5/rxtx-2.2.jar:/Users/Jerom/eclipse/java-neon/EE5/Java/EE5/RXTXcomm.jar:/Library/Java/JavaVirtualMachines/jdk1.8.0_73.jdk/Contents/Home/lib/javafx-mx.jar:/Users/Jerom/eclipse/java-neon/EE5/Java/EE5/rxtx-native-macosx.jar
Launcher Type: SUN_STANDARD

Environment Variables:
PATH=/usr/bin:/bin:/usr/sbin:/sbin
SHELL=/bin/bash
DISPLAY=/private/tmp/com.apple.launchd.sSDW0EYk5b/org.macosforge.xquartz:0

Signal Handlers:
SIGSEGV: [libjvm.dylib+0x5a71a5], sa_mask[0]=11111111011111110111111111111111, sa_flags=SA_ONSTACK|SA_RESTART|SA_SIGINFO
SIGBUS: [libjvm.dylib+0x5a71a5], sa_mask[0]=11111111011111110111111111111111, sa_flags=SA_RESTART|SA_SIGINFO
SIGFPE: [libjvm.dylib+0x480eb4], sa_mask[0]=11111111011111110111111111111111, sa_flags=SA_RESTART|SA_SIGINFO
SIGPIPE: [libjvm.dylib+0x480eb4], sa_mask[0]=11111111011111110111111111111111, sa_flags=SA_RESTART|SA_SIGINFO
SIGXFSZ: [libjvm.dylib+0x480eb4], sa_mask[0]=11111111011111110111111111111111, sa_flags=SA_RESTART|SA_SIGINFO
SIGILL: [libjvm.dylib+0x480eb4], sa_mask[0]=11111111011111110111111111111111, sa_flags=SA_RESTART|SA_SIGINFO
SIGUSR1: SIG_DFL, sa_mask[0]=00000000000000000000000000000000, sa_flags=none
SIGUSR2: [libjvm.dylib+0x4809d2], sa_mask[0]=00100000000000000000000000000000, sa_flags=SA_RESTART|SA_SIGINFO
SIGHUP: [libjvm.dylib+0x47efa9], sa_mask[0]=11111111011111110111111111111111, sa_flags=SA_RESTART|SA_SIGINFO
SIGINT: [libjvm.dylib+0x47efa9], sa_mask[0]=11111111011111110111111111111111, sa_flags=SA_RESTART|SA_SIGINFO
SIGTERM: [libjvm.dylib+0x47efa9], sa_mask[0]=11111111011111110111111111111111, sa_flags=SA_RESTART|SA_SIGINFO
SIGQUIT: [libjvm.dylib+0x47efa9], sa_mask[0]=11111111011111110111111111111111, sa_flags=SA_RESTART|SA_SIGINFO


---------------  S Y S T E M  ---------------

OS:Bsduname:Darwin 16.5.0 Darwin Kernel Version 16.5.0: Fri Mar  3 16:52:33 PST 2017; root:xnu-3789.51.2~3/RELEASE_X86_64 x86_64
rlimit: STACK 8192k, CORE 0k, NPROC 709, NOFILE 10240, AS infinity
load average:2.04 2.22 2.40

CPU:total 4 (2 cores per cpu, 2 threads per core) family 6 model 58 stepping 9, cmov, cx8, fxsr, mmx, sse, sse2, sse3, ssse3, sse4.1, sse4.2, popcnt, avx, aes, clmul, erms, ht, tsc, tscinvbit, tscinv

Memory: 4k page, physical 8388608k(184352k free)

/proc/meminfo:


vm_info: Java HotSpot(TM) 64-Bit Server VM (25.73-b02) for bsd-amd64 JRE (1.8.0_73-b02), built on Jan 29 2016 15:02:00 by "java_re" with gcc 4.2.1 (Based on Apple Inc. build 5658) (LLVM build 2336.11.00)

time: Fri May 12 14:47:06 2017
elapsed time: 2285 seconds (0d 0h 38m 5s)

